<?xml version="1.0" encoding="utf-8"?><testsuites name="pytest tests"><testsuite name="pytest" errors="0" failures="0" skipped="0" tests="103" time="77.781" timestamp="2026-08-16T11:33:36.761910+00:00" hostname="agent-env-b4aa3125-76bf-4548-8c66-3e77bd8c730d"><testcase classname="tests.test_pinjamku_flow.TestSuperadmin" name="test_login" time="0.360" /><testcase classname="tests.test_pinjamku_flow.TestSuperadmin" name="test_dashboard" time="0.107" /><testcase classname="tests.test_pinjamku_flow.TestSuperadmin" name="test_public_settings" time="0.102" /><testcase classname="tests.test_pinjamku_flow.TestUserManagement" name="test_create_admin_and_lenders" time="0.861" /><testcase classname="tests.test_pinjamku_flow.TestUserManagement" name="test_lender_without_bank_rejected" time="0.098" /><testcase classname="tests.test_pinjamku_flow.TestUserManagement" name="test_new_users_can_login" time="1.019" /><testcase classname="tests.test_pinjamku_flow.TestSettings" name="test_update_loan_settings" time="0.102" /><testcase classname="tests.test_pinjamku_flow.TestSettings" name="test_update_general" time="0.095" /><testcase classname="tests.test_pinjamku_flow.TestSettings" name="test_admin_cannot_get_settings" time="0.094" /><testcase classname="tests.test_pinjamku_flow.TestRegistration" name="test_register_borrower" time="0.345" /><testcase classname="tests.test_pinjamku_flow.TestRegistration" name="test_borrower_login_before_verify" time="0.314" /><testcase classname="tests.test_pinjamku_flow.TestRegistration" name="test_unverified_cannot_apply_loan" time="0.107" /><testcase classname="tests.test_pinjamku_flow.TestRegistration" name="test_duplicate_nik_rejected" time="0.106" /><testcase classname="tests.test_pinjamku_flow.TestRegistration" name="test_duplicate_email_rejected" time="0.094" /><testcase classname="tests.test_pinjamku_flow.TestRegistration" name="test_duplicate_phone_rejected" time="0.100" /><testcase classname="tests.test_pinjamku_flow.TestVerify" name="test_admin_verify_borrower" time="0.104" /><testcase classname="tests.test_pinjamku_flow.TestLoanApply" name="test_apply_loan_1" time="0.442" /><testcase classname="tests.test_pinjamku_flow.TestLoanApply" name="test_apply_over_limit_rejected" time="0.094" /><testcase classname="tests.test_pinjamku_flow.TestLoanApply" name="test_apply_over_duration_rejected" time="0.093" /><testcase classname="tests.test_pinjamku_flow.TestApproval" name="test_admin_approve_loan1" time="0.099" /><testcase classname="tests.test_pinjamku_flow.TestApproval" name="test_reject_needs_reason" time="0.205" /><testcase classname="tests.test_pinjamku_flow.TestFunding" name="test_lenderA_claim" time="0.108" /><testcase classname="tests.test_pinjamku_flow.TestFunding" name="test_lenderB_claim_fails" time="0.126" /><testcase classname="tests.test_pinjamku_flow.TestFunding" name="test_lenderB_available_excludes_claimed" time="0.095" /><testcase classname="tests.test_pinjamku_flow.TestDisbursement" name="test_disburse_wrong_amount_rejected" time="0.187" /><testcase classname="tests.test_pinjamku_flow.TestDisbursement" name="test_disburse_correct" time="0.339" /><testcase classname="tests.test_pinjamku_flow.TestDisbursement" name="test_admin_confirm_disbursement" time="0.105" /><testcase classname="tests.test_pinjamku_flow.TestRBAC" name="test_borrower_cannot_approve" time="0.105" /><testcase classname="tests.test_pinjamku_flow.TestRBAC" name="test_admin_cannot_claim" time="0.097" /><testcase classname="tests.test_pinjamku_flow.TestSnapshot" name="test_change_settings_new_loan_uses_new" time="0.318" /><testcase classname="tests.test_pinjamku_flow.TestPayment" name="test_borrower_short_payment_rejected" time="0.098" /><testcase classname="tests.test_pinjamku_flow.TestPayment" name="test_borrower_full_payment" time="0.311" /><testcase classname="tests.test_pinjamku_flow.TestPayment" name="test_admin_cannot_verify_payment" time="0.097" /><testcase classname="tests.test_pinjamku_flow.TestPayment" name="test_lenderB_cannot_verify" time="0.096" /><testcase classname="tests.test_pinjamku_flow.TestPayment" name="test_lenderA_verify" time="0.124" /><testcase classname="tests.test_pinjamku_flow.TestLimitRestored" name="test_available_limit_back" time="0.094" /><testcase classname="tests.test_pinjamku_flow.TestOverdue" name="test_overdue_late_fee" time="0.580" /><testcase classname="tests.test_pinjamku_flow.TestFreeze" name="test_report_freeze" time="0.532" /><testcase classname="tests.test_pinjamku_flow.TestFreeze" name="test_lender_reject_payment" time="0.101" /><testcase classname="tests.test_pinjamku_flow.TestFreeze" name="test_new_payment_after_reject" time="0.522" /><testcase classname="tests.test_pinjamku_flow.TestAudit" name="test_superadmin_can_see" time="0.102" /><testcase classname="tests.test_pinjamku_flow.TestAudit" name="test_admin_forbidden" time="0.095" /><testcase classname="tests.test_pinjamku_flow.TestExport" name="test_export_loans_csv" time="0.119" /><testcase classname="tests.test_pinjamku_flow.TestExport" name="test_search_loans" time="0.121" /><testcase classname="tests.test_pinjamku_flow.TestUpload" name="test_exe_rejected" time="0.095" /><testcase classname="tests.test_pinjamku_flow.TestUpload" name="test_files_forbidden_for_other_borrower" time="0.385" /><testcase classname="tests.test_pinjamku_flow.TestPWA" name="test_manifest" time="0.095" /><testcase classname="tests.test_pinjamku_flow.TestPWA" name="test_sw" time="0.103" /><testcase classname="tests.test_iter2_features.TestPhoneNormalization" name="test_super_login_08_format" time="0.343" /><testcase classname="tests.test_iter2_features.TestPhoneNormalization" name="test_super_login_62_format" time="0.319" /><testcase classname="tests.test_iter2_features.TestPhoneNormalization" name="test_super_login_plus62_format" time="0.320" /><testcase classname="tests.test_iter2_features.TestPhoneNormalization" name="test_super_login_0062_format" time="0.316" /><testcase classname="tests.test_iter2_features.TestPhoneNormalization" name="test_register_dup_phone_via_diff_format" time="0.866" /><testcase classname="tests.test_iter2_features.TestPhoneNormalization" name="test_create_lender_with_62_format_stored_as_08" time="0.324" /><testcase classname="tests.test_iter2_features.TestResetPassword" name="test_setup_users" time="1.829" /><testcase classname="tests.test_iter2_features.TestResetPassword" name="test_super_reset_borrower_and_gate" time="0.365" /><testcase classname="tests.test_iter2_features.TestResetPassword" name="test_login_with_temp_then_forced_gate" time="0.562" /><testcase classname="tests.test_iter2_features.TestResetPassword" name="test_change_password_clears_flag" time="1.103" /><testcase classname="tests.test_iter2_features.TestResetPassword" name="test_admin_can_reset_borrower_only" time="1.760" /><testcase classname="tests.test_iter2_features.TestResetPassword" name="test_admin_cannot_reset_another_admin" time="0.416" /><testcase classname="tests.test_iter2_features.TestResetPassword" name="test_super_cannot_reset_self" time="0.214" /><testcase classname="tests.test_iter2_features.TestResetPassword" name="test_borrower_cannot_call" time="0.095" /><testcase classname="tests.test_iter2_features.TestResetPassword" name="test_lender_cannot_call" time="0.093" /><testcase classname="tests.test_iter2_features.TestEmergencyOverride" name="test_override_verify_flow" time="2.715" /><testcase classname="tests.test_iter2_features.TestEmergencyOverride" name="test_override_reject_flow" time="1.989" /><testcase classname="tests.test_iter2_features.TestObjectStorage" name="test_files_have_pinjamku_prefix" time="0.001" /><testcase classname="tests.test_iter2_features.TestObjectStorage" name="test_file_requires_auth" time="0.096" /><testcase classname="tests.test_iter2_features.TestObjectStorage" name="test_file_forbidden_for_unrelated_borrower" time="0.424" /><testcase classname="tests.test_iter2_features.TestObjectStorage" name="test_file_ok_for_superadmin" time="0.177" /><testcase classname="tests.test_iter2_features.TestObjectStorage" name="test_upload_rejects_bad_mime" time="0.099" /><testcase classname="tests.test_iter4_rbac_regress" name="test_factory_reset_preview_forbidden_for_admin" time="1.273" /><testcase classname="tests.test_iter4_rbac_regress" name="test_factory_reset_forbidden_for_admin" time="0.124" /><testcase classname="tests.test_iter4_rbac_regress" name="test_factory_reset_unauth" time="0.094" /><testcase classname="tests.test_iter4_rbac_regress" name="test_factory_reset_preview_super_ok" time="0.416" /><testcase classname="tests.test_iter4_rbac_regress" name="test_factory_reset_bad_confirmation" time="0.131" /><testcase classname="tests.test_iter4_rbac_regress" name="test_factory_reset_bad_password" time="0.336" /><testcase classname="tests.test_iter4_rbac_regress" name="test_factory_reset_missing_fields" time="0.106" /><testcase classname="tests.test_iter6_phone_change" name="test_change_phone_without_password" time="0.450" /><testcase classname="tests.test_iter6_phone_change" name="test_change_phone_wrong_password" time="0.367" /><testcase classname="tests.test_iter6_phone_change" name="test_change_phone_invalid_format" time="0.132" /><testcase classname="tests.test_iter6_phone_change" name="test_change_phone_conflict" time="0.768" /><testcase classname="tests.test_iter6_phone_change" name="test_change_phone_normalized_plus62" time="1.975" /><testcase classname="tests.test_iter6_phone_change" name="test_audit_log_phone_change" time="0.005" /><testcase classname="tests.test_iter6_phone_change" name="test_factory_reset_preview_keeper_follows_current_super" time="1.109" /><testcase classname="tests.test_iter6_phone_change" name="test_seed_does_not_overwrite_after_restart" time="5.148" /><testcase classname="tests.test_iter6_phone_change" name="test_admin_cannot_change_phone" time="0.623" /><testcase classname="tests.test_iter6_phone_change" name="test_lender_cannot_change_phone" time="1.218" /><testcase classname="tests.test_iter6_phone_change" name="test_zz_restore_super_phone" time="1.186" /><testcase classname="tests.test_iter8_password_change.TestChangePasswordFlow" name="test_change_password_persists[admin]" time="2.472" /><testcase classname="tests.test_iter8_password_change.TestChangePasswordFlow" name="test_change_password_persists[lender]" time="2.252" /><testcase classname="tests.test_iter8_password_change.TestChangePasswordFlow" name="test_change_password_borrower" time="1.752" /><testcase classname="tests.test_iter8_password_change.TestChangePasswordFlow" name="test_same_password_rejected" time="1.217" /><testcase classname="tests.test_iter8_password_change.TestLoginLockout" name="test_progressive_messages" time="2.308" /><testcase classname="tests.test_iter8_password_change.TestChangePasswordClearsLock" name="test_lock_cleared" time="2.697" /><testcase classname="tests.test_iter8_password_change.TestBillyMustChangePassword" name="test_billy_gated" time="0.754" /><testcase classname="tests.test_iter8_password_change.TestSuperadminIdempotent" name="test_only_one_superadmin" time="0.032" /><testcase classname="tests.test_iter10_lockout_per_account.TestStrictLockout" name="test_progressive_then_429" time="2.626" /><testcase classname="tests.test_iter10_lockout_per_account.TestStrictLockout" name="test_correct_password_still_locked" time="17.008" /><testcase classname="tests.test_iter10_lockout_per_account.TestStrictLockout" name="test_change_password_clears_lock" time="2.643" /><testcase classname="tests.test_iter10_lockout_per_account.TestStrictLockout" name="test_successful_login_resets_counter" time="1.468" /><testcase classname="tests.test_iter10_lockout_per_account.TestFinalState" name="test_env_clean_and_super_ok" time="0.000" /><testcase classname="tests.test_iter10_lockout_per_account.TestFinalState" name="test_super_still_logs_in" time="0.374" /><testcase classname="tests.test_iter10_lockout_per_account.TestFinalState" name="test_three_canonical_users_present" time="0.005" /></testsuite></testsuites>