<?xml version="1.0" encoding="utf-8"?><testsuites name="pytest tests"><testsuite name="pytest" errors="0" failures="0" skipped="0" tests="70" time="60.229" timestamp="2026-08-16T05:44:33.893997+00:00" hostname="agent-env-b4aa3125-76bf-4548-8c66-3e77bd8c730d"><testcase classname="tests.test_pinjamku_flow.TestSuperadmin" name="test_login" time="0.477" /><testcase classname="tests.test_pinjamku_flow.TestSuperadmin" name="test_dashboard" time="0.114" /><testcase classname="tests.test_pinjamku_flow.TestSuperadmin" name="test_public_settings" time="0.107" /><testcase classname="tests.test_pinjamku_flow.TestUserManagement" name="test_create_admin_and_lenders" time="0.948" /><testcase classname="tests.test_pinjamku_flow.TestUserManagement" name="test_lender_without_bank_rejected" time="0.099" /><testcase classname="tests.test_pinjamku_flow.TestUserManagement" name="test_new_users_can_login" time="0.985" /><testcase classname="tests.test_pinjamku_flow.TestSettings" name="test_update_loan_settings" time="0.139" /><testcase classname="tests.test_pinjamku_flow.TestSettings" name="test_update_general" time="0.100" /><testcase classname="tests.test_pinjamku_flow.TestSettings" name="test_admin_cannot_get_settings" time="0.098" /><testcase classname="tests.test_pinjamku_flow.TestRegistration" name="test_register_borrower" time="0.349" /><testcase classname="tests.test_pinjamku_flow.TestRegistration" name="test_borrower_login_before_verify" time="0.321" /><testcase classname="tests.test_pinjamku_flow.TestRegistration" name="test_unverified_cannot_apply_loan" time="0.106" /><testcase classname="tests.test_pinjamku_flow.TestRegistration" name="test_duplicate_nik_rejected" time="0.097" /><testcase classname="tests.test_pinjamku_flow.TestRegistration" name="test_duplicate_email_rejected" time="0.098" /><testcase classname="tests.test_pinjamku_flow.TestRegistration" name="test_duplicate_phone_rejected" time="0.109" /><testcase classname="tests.test_pinjamku_flow.TestVerify" name="test_admin_verify_borrower" time="0.100" /><testcase classname="tests.test_pinjamku_flow.TestLoanApply" name="test_apply_loan_1" time="0.441" /><testcase classname="tests.test_pinjamku_flow.TestLoanApply" name="test_apply_over_limit_rejected" time="0.093" /><testcase classname="tests.test_pinjamku_flow.TestLoanApply" name="test_apply_over_duration_rejected" time="0.109" /><testcase classname="tests.test_pinjamku_flow.TestApproval" name="test_admin_approve_loan1" time="0.099" /><testcase classname="tests.test_pinjamku_flow.TestApproval" name="test_reject_needs_reason" time="0.226" /><testcase classname="tests.test_pinjamku_flow.TestFunding" name="test_lenderA_claim" time="0.112" /><testcase classname="tests.test_pinjamku_flow.TestFunding" name="test_lenderB_claim_fails" time="0.099" /><testcase classname="tests.test_pinjamku_flow.TestFunding" name="test_lenderB_available_excludes_claimed" time="0.094" /><testcase classname="tests.test_pinjamku_flow.TestDisbursement" name="test_disburse_wrong_amount_rejected" time="0.098" /><testcase classname="tests.test_pinjamku_flow.TestDisbursement" name="test_disburse_correct" time="0.282" /><testcase classname="tests.test_pinjamku_flow.TestDisbursement" name="test_admin_confirm_disbursement" time="0.127" /><testcase classname="tests.test_pinjamku_flow.TestRBAC" name="test_borrower_cannot_approve" time="0.095" /><testcase classname="tests.test_pinjamku_flow.TestRBAC" name="test_admin_cannot_claim" time="0.097" /><testcase classname="tests.test_pinjamku_flow.TestSnapshot" name="test_change_settings_new_loan_uses_new" time="0.360" /><testcase classname="tests.test_pinjamku_flow.TestPayment" name="test_borrower_short_payment_rejected" time="0.101" /><testcase classname="tests.test_pinjamku_flow.TestPayment" name="test_borrower_full_payment" time="0.257" /><testcase classname="tests.test_pinjamku_flow.TestPayment" name="test_admin_cannot_verify_payment" time="0.097" /><testcase classname="tests.test_pinjamku_flow.TestPayment" name="test_lenderB_cannot_verify" time="0.093" /><testcase classname="tests.test_pinjamku_flow.TestPayment" name="test_lenderA_verify" time="0.110" /><testcase classname="tests.test_pinjamku_flow.TestLimitRestored" name="test_available_limit_back" time="0.148" /><testcase classname="tests.test_pinjamku_flow.TestOverdue" name="test_overdue_late_fee" time="0.799" /><testcase classname="tests.test_pinjamku_flow.TestFreeze" name="test_report_freeze" time="0.531" /><testcase classname="tests.test_pinjamku_flow.TestFreeze" name="test_lender_reject_payment" time="0.099" /><testcase classname="tests.test_pinjamku_flow.TestFreeze" name="test_new_payment_after_reject" time="0.564" /><testcase classname="tests.test_pinjamku_flow.TestAudit" name="test_superadmin_can_see" time="0.102" /><testcase classname="tests.test_pinjamku_flow.TestAudit" name="test_admin_forbidden" time="0.096" /><testcase classname="tests.test_pinjamku_flow.TestExport" name="test_export_loans_csv" time="0.102" /><testcase classname="tests.test_pinjamku_flow.TestExport" name="test_search_loans" time="0.103" /><testcase classname="tests.test_pinjamku_flow.TestUpload" name="test_exe_rejected" time="0.102" /><testcase classname="tests.test_pinjamku_flow.TestUpload" name="test_files_forbidden_for_other_borrower" time="0.359" /><testcase classname="tests.test_pinjamku_flow.TestPWA" name="test_manifest" time="0.101" /><testcase classname="tests.test_pinjamku_flow.TestPWA" name="test_sw" time="0.098" /><testcase classname="tests.test_iter2_features.TestPhoneNormalization" name="test_super_login_08_format" time="0.322" /><testcase classname="tests.test_iter2_features.TestPhoneNormalization" name="test_super_login_62_format" time="0.332" /><testcase classname="tests.test_iter2_features.TestPhoneNormalization" name="test_super_login_plus62_format" time="0.328" /><testcase classname="tests.test_iter2_features.TestPhoneNormalization" name="test_super_login_0062_format" time="0.373" /><testcase classname="tests.test_iter2_features.TestPhoneNormalization" name="test_register_dup_phone_via_diff_format" time="0.757" /><testcase classname="tests.test_iter2_features.TestPhoneNormalization" name="test_create_lender_with_62_format_stored_as_08" time="0.332" /><testcase classname="tests.test_iter2_features.TestResetPassword" name="test_setup_users" time="1.634" /><testcase classname="tests.test_iter2_features.TestResetPassword" name="test_super_reset_borrower_and_gate" time="0.364" /><testcase classname="tests.test_iter2_features.TestResetPassword" name="test_login_with_temp_then_forced_gate" time="0.605" /><testcase classname="tests.test_iter2_features.TestResetPassword" name="test_change_password_clears_flag" time="1.057" /><testcase classname="tests.test_iter2_features.TestResetPassword" name="test_admin_can_reset_borrower_only" time="1.346" /><testcase classname="tests.test_iter2_features.TestResetPassword" name="test_admin_cannot_reset_another_admin" time="0.429" /><testcase classname="tests.test_iter2_features.TestResetPassword" name="test_super_cannot_reset_self" time="0.214" /><testcase classname="tests.test_iter2_features.TestResetPassword" name="test_borrower_cannot_call" time="0.094" /><testcase classname="tests.test_iter2_features.TestResetPassword" name="test_lender_cannot_call" time="0.098" /><testcase classname="tests.test_iter2_features.TestEmergencyOverride" name="test_override_verify_flow" time="2.638" /><testcase classname="tests.test_iter2_features.TestEmergencyOverride" name="test_override_reject_flow" time="37.854" /><testcase classname="tests.test_iter2_features.TestObjectStorage" name="test_files_have_pinjamku_prefix" time="0.001" /><testcase classname="tests.test_iter2_features.TestObjectStorage" name="test_file_requires_auth" time="0.102" /><testcase classname="tests.test_iter2_features.TestObjectStorage" name="test_file_forbidden_for_unrelated_borrower" time="0.451" /><testcase classname="tests.test_iter2_features.TestObjectStorage" name="test_file_ok_for_superadmin" time="0.217" /><testcase classname="tests.test_iter2_features.TestObjectStorage" name="test_upload_rejects_bad_mime" time="0.098" /></testsuite></testsuites>