<?xml version="1.0" encoding="utf-8"?><testsuites name="pytest tests"><testsuite name="pytest" errors="0" failures="0" skipped="1" tests="120" time="106.395" timestamp="2026-08-17T17:41:47.865782+00:00" hostname="agent-env-b4aa3125-76bf-4548-8c66-3e77bd8c730d"><testcase classname="tests.test_pinjamku_flow.TestSuperadmin" name="test_login" time="0.650" /><testcase classname="tests.test_pinjamku_flow.TestSuperadmin" name="test_dashboard" time="0.134" /><testcase classname="tests.test_pinjamku_flow.TestSuperadmin" name="test_public_settings" time="0.141" /><testcase classname="tests.test_pinjamku_flow.TestUserManagement" name="test_create_admin_and_lenders" time="0.983" /><testcase classname="tests.test_pinjamku_flow.TestUserManagement" name="test_lender_without_bank_rejected" time="0.123" /><testcase classname="tests.test_pinjamku_flow.TestUserManagement" name="test_new_users_can_login" time="1.104" /><testcase classname="tests.test_pinjamku_flow.TestSettings" name="test_update_loan_settings" time="0.147" /><testcase classname="tests.test_pinjamku_flow.TestSettings" name="test_update_general" time="0.141" /><testcase classname="tests.test_pinjamku_flow.TestSettings" name="test_admin_cannot_get_settings" time="0.148" /><testcase classname="tests.test_pinjamku_flow.TestRegistration" name="test_register_borrower" time="1.545" /><testcase classname="tests.test_pinjamku_flow.TestRegistration" name="test_borrower_login_before_verify" time="0.342" /><testcase classname="tests.test_pinjamku_flow.TestRegistration" name="test_unverified_cannot_apply_loan" time="0.160" /><testcase classname="tests.test_pinjamku_flow.TestRegistration" name="test_duplicate_nik_rejected" time="0.134" /><testcase classname="tests.test_pinjamku_flow.TestRegistration" name="test_duplicate_email_rejected" time="0.127" /><testcase classname="tests.test_pinjamku_flow.TestRegistration" name="test_duplicate_phone_rejected" time="0.170" /><testcase classname="tests.test_pinjamku_flow.TestVerify" name="test_admin_verify_borrower" time="0.140" /><testcase classname="tests.test_pinjamku_flow.TestLoanApply" name="test_apply_loan_1" time="1.815" /><testcase classname="tests.test_pinjamku_flow.TestLoanApply" name="test_apply_over_limit_rejected" time="0.136" /><testcase classname="tests.test_pinjamku_flow.TestLoanApply" name="test_apply_over_duration_rejected" time="0.152" /><testcase classname="tests.test_pinjamku_flow.TestApproval" name="test_admin_approve_loan1" time="1.020" /><testcase classname="tests.test_pinjamku_flow.TestApproval" name="test_reject_needs_reason" time="1.481" /><testcase classname="tests.test_pinjamku_flow.TestFunding" name="test_lenderA_claim" time="1.299" /><testcase classname="tests.test_pinjamku_flow.TestFunding" name="test_lenderB_claim_fails" time="0.155" /><testcase classname="tests.test_pinjamku_flow.TestFunding" name="test_lenderB_available_excludes_claimed" time="0.213" /><testcase classname="tests.test_pinjamku_flow.TestDisbursement" name="test_disburse_wrong_amount_rejected" time="0.190" /><testcase classname="tests.test_pinjamku_flow.TestDisbursement" name="test_disburse_correct" time="1.305" /><testcase classname="tests.test_pinjamku_flow.TestDisbursement" name="test_admin_confirm_disbursement" time="0.154" /><testcase classname="tests.test_pinjamku_flow.TestRBAC" name="test_borrower_cannot_approve" time="0.132" /><testcase classname="tests.test_pinjamku_flow.TestRBAC" name="test_admin_cannot_claim" time="0.114" /><testcase classname="tests.test_pinjamku_flow.TestSnapshot" name="test_change_settings_new_loan_uses_new" time="1.662" /><testcase classname="tests.test_pinjamku_flow.TestPayment" name="test_borrower_short_payment_rejected" time="0.271" /><testcase classname="tests.test_pinjamku_flow.TestPayment" name="test_borrower_full_payment" time="1.286" /><testcase classname="tests.test_pinjamku_flow.TestPayment" name="test_admin_cannot_verify_payment" time="0.133" /><testcase classname="tests.test_pinjamku_flow.TestPayment" name="test_lenderB_cannot_verify" time="0.156" /><testcase classname="tests.test_pinjamku_flow.TestPayment" name="test_lenderA_verify" time="1.321" /><testcase classname="tests.test_pinjamku_flow.TestLimitRestored" name="test_available_limit_back" time="0.177" /><testcase classname="tests.test_pinjamku_flow.TestOverdue" name="test_overdue_late_fee" time="3.864" /><testcase classname="tests.test_pinjamku_flow.TestFreeze" name="test_report_freeze" time="1.650" /><testcase classname="tests.test_pinjamku_flow.TestFreeze" name="test_lender_reject_payment" time="0.151" /><testcase classname="tests.test_pinjamku_flow.TestFreeze" name="test_new_payment_after_reject" time="1.635" /><testcase classname="tests.test_pinjamku_flow.TestAudit" name="test_superadmin_can_see" time="0.129" /><testcase classname="tests.test_pinjamku_flow.TestAudit" name="test_admin_forbidden" time="0.144" /><testcase classname="tests.test_pinjamku_flow.TestExport" name="test_export_loans_csv" time="0.152" /><testcase classname="tests.test_pinjamku_flow.TestExport" name="test_search_loans" time="0.137" /><testcase classname="tests.test_pinjamku_flow.TestUpload" name="test_exe_rejected" time="0.118" /><testcase classname="tests.test_pinjamku_flow.TestUpload" name="test_files_forbidden_for_other_borrower" time="0.295" /><testcase classname="tests.test_pinjamku_flow.TestPWA" name="test_manifest" time="0.158" /><testcase classname="tests.test_pinjamku_flow.TestPWA" name="test_sw" time="0.192" /><testcase classname="tests.test_iter2_features.TestPhoneNormalization" name="test_super_login_08_format" time="0.346" /><testcase classname="tests.test_iter2_features.TestPhoneNormalization" name="test_super_login_62_format" time="0.380" /><testcase classname="tests.test_iter2_features.TestPhoneNormalization" name="test_super_login_plus62_format" time="0.371" /><testcase classname="tests.test_iter2_features.TestPhoneNormalization" name="test_super_login_0062_format" time="0.356" /><testcase classname="tests.test_iter2_features.TestPhoneNormalization" name="test_register_dup_phone_via_diff_format" time="2.022" /><testcase classname="tests.test_iter2_features.TestPhoneNormalization" name="test_create_lender_with_62_format_stored_as_08" time="0.355" /><testcase classname="tests.test_iter2_features.TestResetPassword" name="test_setup_users" time="2.898" /><testcase classname="tests.test_iter2_features.TestResetPassword" name="test_super_reset_borrower_and_gate" time="0.399" /><testcase classname="tests.test_iter2_features.TestResetPassword" name="test_login_with_temp_then_forced_gate" time="0.870" /><testcase classname="tests.test_iter2_features.TestResetPassword" name="test_change_password_clears_flag" time="1.330" /><testcase classname="tests.test_iter2_features.TestResetPassword" name="test_admin_can_reset_borrower_only" time="1.435" /><testcase classname="tests.test_iter2_features.TestResetPassword" name="test_admin_cannot_reset_another_admin" time="0.522" /><testcase classname="tests.test_iter2_features.TestResetPassword" name="test_super_cannot_reset_self" time="0.302" /><testcase classname="tests.test_iter2_features.TestResetPassword" name="test_borrower_cannot_call" time="0.140" /><testcase classname="tests.test_iter2_features.TestResetPassword" name="test_lender_cannot_call" time="0.151" /><testcase classname="tests.test_iter2_features.TestEmergencyOverride" name="test_override_verify_flow" time="9.239" /><testcase classname="tests.test_iter2_features.TestEmergencyOverride" name="test_override_reject_flow" time="8.816" /><testcase classname="tests.test_iter2_features.TestObjectStorage" name="test_files_have_pinjamku_prefix" time="0.001" /><testcase classname="tests.test_iter2_features.TestObjectStorage" name="test_file_requires_auth" time="0.142" /><testcase classname="tests.test_iter2_features.TestObjectStorage" name="test_file_forbidden_for_unrelated_borrower" time="1.691" /><testcase classname="tests.test_iter2_features.TestObjectStorage" name="test_file_ok_for_superadmin" time="0.145" /><testcase classname="tests.test_iter2_features.TestObjectStorage" name="test_upload_rejects_bad_mime" time="0.141" /><testcase classname="tests.test_iter4_rbac_regress" name="test_factory_reset_preview_forbidden_for_admin" time="1.488" /><testcase classname="tests.test_iter4_rbac_regress" name="test_factory_reset_forbidden_for_admin" time="0.109" /><testcase classname="tests.test_iter4_rbac_regress" name="test_factory_reset_unauth" time="0.136" /><testcase classname="tests.test_iter4_rbac_regress" name="test_factory_reset_preview_super_ok" time="0.125" /><testcase classname="tests.test_iter4_rbac_regress" name="test_factory_reset_bad_confirmation" time="0.138" /><testcase classname="tests.test_iter4_rbac_regress" name="test_factory_reset_bad_password" time="0.351" /><testcase classname="tests.test_iter4_rbac_regress" name="test_factory_reset_missing_fields" time="0.154" /><testcase classname="tests.test_iter6_phone_change" name="test_change_phone_without_password" time="0.529" /><testcase classname="tests.test_iter6_phone_change" name="test_change_phone_wrong_password" time="0.376" /><testcase classname="tests.test_iter6_phone_change" name="test_change_phone_invalid_format" time="0.158" /><testcase classname="tests.test_iter6_phone_change" name="test_change_phone_conflict" time="0.721" /><testcase classname="tests.test_iter6_phone_change" name="test_change_phone_normalized_plus62" time="1.901" /><testcase classname="tests.test_iter6_phone_change" name="test_audit_log_phone_change" time="0.005" /><testcase classname="tests.test_iter6_phone_change" name="test_factory_reset_preview_keeper_follows_current_super" time="0.531" /><testcase classname="tests.test_iter6_phone_change" name="test_seed_does_not_overwrite_after_restart" time="5.168" /><testcase classname="tests.test_iter6_phone_change" name="test_admin_cannot_change_phone" time="0.939" /><testcase classname="tests.test_iter6_phone_change" name="test_lender_cannot_change_phone" time="0.983" /><testcase classname="tests.test_iter6_phone_change" name="test_zz_restore_super_phone" time="1.361" /><testcase classname="tests.test_iter8_password_change.TestChangePasswordFlow" name="test_change_password_persists[admin]" time="2.789" /><testcase classname="tests.test_iter8_password_change.TestChangePasswordFlow" name="test_change_password_persists[lender]" time="2.375" /><testcase classname="tests.test_iter8_password_change.TestChangePasswordFlow" name="test_change_password_borrower" time="3.093" /><testcase classname="tests.test_iter8_password_change.TestChangePasswordFlow" name="test_same_password_rejected" time="1.279" /><testcase classname="tests.test_iter8_password_change.TestLoginLockout" name="test_progressive_messages" time="2.416" /><testcase classname="tests.test_iter8_password_change.TestChangePasswordClearsLock" name="test_lock_cleared" time="3.131" /><testcase classname="tests.test_iter8_password_change.TestBillyMustChangePassword" name="test_billy_gated" time="0.000"><skipped type="pytest.skip" message="Depends on user's real Billy account still being in must_change_password state; skipped to avoid touching user data.">/app/backend/tests/test_iter8_password_change.py:223: Depends on user's real Billy account still being in must_change_password state; skipped to avoid touching user data.</skipped></testcase><testcase classname="tests.test_iter8_password_change.TestSuperadminIdempotent" name="test_temp_super_exists" time="0.004" /><testcase classname="tests.test_iter10_lockout_per_account.TestStrictLockout" name="test_progressive_then_429" time="2.797" /><testcase classname="tests.test_iter10_lockout_per_account.TestStrictLockout" name="test_correct_password_still_locked" time="2.976" /><testcase classname="tests.test_iter10_lockout_per_account.TestStrictLockout" name="test_change_password_clears_lock" time="2.958" /><testcase classname="tests.test_iter10_lockout_per_account.TestStrictLockout" name="test_successful_login_resets_counter" time="1.752" /><testcase classname="tests.test_iter10_lockout_per_account.TestFinalState" name="test_env_clean_and_super_ok" time="0.000" /><testcase classname="tests.test_iter10_lockout_per_account.TestFinalState" name="test_super_still_logs_in" time="0.377" /><testcase classname="tests.test_iter10_lockout_per_account.TestFinalState" name="test_three_canonical_users_present" time="0.005" /><testcase classname="tests.test_iter15_s3_storage.TestStorageConfigured" name="test_env_populated" time="0.000" /><testcase classname="tests.test_iter15_s3_storage.TestStorageConfigured" name="test_bucket_reachable" time="0.081" /><testcase classname="tests.test_iter15_s3_storage.TestStorageConfigured" name="test_no_emergent_llm_key" time="0.000" /><testcase classname="tests.test_iter15_s3_storage.TestUploadRoundtrip" name="test_accepts_png" time="0.548" /><testcase classname="tests.test_iter15_s3_storage.TestUploadRoundtrip" name="test_accepts_jpg_webp_pdf" time="0.479" /><testcase classname="tests.test_iter15_s3_storage.TestUploadRoundtrip" name="test_rejects_text_plain" time="0.130" /><testcase classname="tests.test_iter15_s3_storage.TestUploadRoundtrip" name="test_rejects_exe" time="0.129" /><testcase classname="tests.test_iter15_s3_storage.TestUploadRoundtrip" name="test_rejects_empty" time="0.119" /><testcase classname="tests.test_iter15_s3_storage.TestUploadRoundtrip" name="test_rejects_oversize" time="0.636" /><testcase classname="tests.test_iter15_s3_storage.TestFileRBAC" name="test_401_without_token" time="0.174" /><testcase classname="tests.test_iter15_s3_storage.TestFileRBAC" name="test_404_unknown_id" time="0.162" /><testcase classname="tests.test_iter15_s3_storage.TestFileRBAC" name="test_404_when_object_missing" time="0.160" /><testcase classname="tests.test_iter15_s3_storage.TestFileRBAC" name="test_200_for_superadmin_with_headers" time="0.292" /><testcase classname="tests.test_iter15_s3_storage.TestFileRBAC" name="test_403_unrelated_borrower_on_loan_file" time="1.655" /><testcase classname="tests.test_iter15_s3_storage.TestNoLeaks" name="test_no_s3_creds_in_frontend_bundle" time="0.004" /><testcase classname="tests.test_iter15_s3_storage.TestNoLeaks" name="test_no_secrets_in_api_response" time="0.476" /><testcase classname="tests.test_iter15_s3_storage.TestNoLeaks" name="test_no_llm_imports_in_backend" time="0.006" /></testsuite></testsuites>