<?xml version="1.0" encoding="utf-8"?><testsuites name="pytest tests"><testsuite name="pytest" errors="0" failures="0" skipped="0" tests="11" time="11.461" timestamp="2026-08-16T06:12:27.359977+00:00" hostname="agent-env-b4aa3125-76bf-4548-8c66-3e77bd8c730d"><testcase classname="tests.test_iter6_phone_change" name="test_change_phone_without_password" time="0.470" /><testcase classname="tests.test_iter6_phone_change" name="test_change_phone_wrong_password" time="0.321" /><testcase classname="tests.test_iter6_phone_change" name="test_change_phone_invalid_format" time="0.100" /><testcase classname="tests.test_iter6_phone_change" name="test_change_phone_conflict" time="0.650" /><testcase classname="tests.test_iter6_phone_change" name="test_change_phone_normalized_plus62" time="1.752" /><testcase classname="tests.test_iter6_phone_change" name="test_audit_log_phone_change" time="0.004" /><testcase classname="tests.test_iter6_phone_change" name="test_factory_reset_preview_keeper_follows_current_super" time="0.706" /><testcase classname="tests.test_iter6_phone_change" name="test_seed_does_not_overwrite_after_restart" time="4.662" /><testcase classname="tests.test_iter6_phone_change" name="test_admin_cannot_change_phone" time="0.629" /><testcase classname="tests.test_iter6_phone_change" name="test_lender_cannot_change_phone" time="0.874" /><testcase classname="tests.test_iter6_phone_change" name="test_zz_restore_super_phone" time="1.176" /></testsuite></testsuites>