<?xml version="1.0" encoding="utf-8"?><testsuites name="pytest tests"><testsuite name="pytest" errors="0" failures="1" skipped="0" tests="42" time="68.417" timestamp="2026-08-16T05:36:35.639286+00:00" hostname="agent-env-b4aa3125-76bf-4548-8c66-3e77bd8c730d"><testcase classname="tests.test_iter3_factory_reset.TestA_RBAC" name="test_preview_unauth_401" time="0.233" /><testcase classname="tests.test_iter3_factory_reset.TestA_RBAC" name="test_reset_unauth_401" time="0.098" /><testcase classname="tests.test_iter3_factory_reset.TestA_RBAC" name="test_superadmin_preview_ok" time="0.560" /><testcase classname="tests.test_iter3_factory_reset.TestA_RBAC" name="test_bootstrap_admin_lender_borrower" time="1.607" /><testcase classname="tests.test_iter3_factory_reset.TestA_RBAC" name="test_preview_403[adminA]" time="0.094" /><testcase classname="tests.test_iter3_factory_reset.TestA_RBAC" name="test_preview_403[lenderA]" time="0.095" /><testcase classname="tests.test_iter3_factory_reset.TestA_RBAC" name="test_preview_403[borrowerA]" time="0.097" /><testcase classname="tests.test_iter3_factory_reset.TestA_RBAC" name="test_reset_403[adminA]" time="0.108" /><testcase classname="tests.test_iter3_factory_reset.TestA_RBAC" name="test_reset_403[lenderA]" time="0.093" /><testcase classname="tests.test_iter3_factory_reset.TestA_RBAC" name="test_reset_403[borrowerA]" time="0.101" /><testcase classname="tests.test_iter3_factory_reset.TestA_RBAC" name="test_bad_confirmation_400_no_deletion" time="0.710" /><testcase classname="tests.test_iter3_factory_reset.TestA_RBAC" name="test_bad_password_401_no_deletion" time="0.780" /><testcase classname="tests.test_iter3_factory_reset.TestB_BuildData" name="test_create_users" time="2.596" /><testcase classname="tests.test_iter3_factory_reset.TestB_BuildData" name="test_loan_paid" time="1.011" /><testcase classname="tests.test_iter3_factory_reset.TestB_BuildData" name="test_loan_active_with_proofs" time="0.886" /><testcase classname="tests.test_iter3_factory_reset.TestB_BuildData" name="test_pending_file_exists" time="0.005" /><testcase classname="tests.test_iter3_factory_reset.TestC_MutateSettings" name="test_mutate" time="0.184" /><testcase classname="tests.test_iter3_factory_reset.TestC_MutateSettings" name="test_preview_reflects_data" time="0.285" /><testcase classname="tests.test_iter3_factory_reset.TestD_ExecuteReset" name="test_reset_success" time="10.073" /><testcase classname="tests.test_iter3_factory_reset.TestE_VerifyClean" name="test_only_superadmin_left" time="0.001" /><testcase classname="tests.test_iter3_factory_reset.TestE_VerifyClean" name="test_collection_empty[loans]" time="0.001" /><testcase classname="tests.test_iter3_factory_reset.TestE_VerifyClean" name="test_collection_empty[disbursements]" time="0.001" /><testcase classname="tests.test_iter3_factory_reset.TestE_VerifyClean" name="test_collection_empty[payments]" time="0.001" /><testcase classname="tests.test_iter3_factory_reset.TestE_VerifyClean" name="test_collection_empty[loan_status_histories]" time="0.001" /><testcase classname="tests.test_iter3_factory_reset.TestE_VerifyClean" name="test_collection_empty[notifications]" time="0.001" /><testcase classname="tests.test_iter3_factory_reset.TestE_VerifyClean" name="test_collection_empty[admin_notes]" time="0.000" /><testcase classname="tests.test_iter3_factory_reset.TestE_VerifyClean" name="test_collection_empty[files]" time="0.000" /><testcase classname="tests.test_iter3_factory_reset.TestE_VerifyClean" name="test_collection_empty[counters]" time="0.000" /><testcase classname="tests.test_iter3_factory_reset.TestE_VerifyClean" name="test_collection_empty[login_attempts]" time="0.000" /><testcase classname="tests.test_iter3_factory_reset.TestE_VerifyClean" name="test_audit_log_only_reset_entry" time="0.000" /><testcase classname="tests.test_iter3_factory_reset.TestE_VerifyClean" name="test_settings_default" time="0.117" /><testcase classname="tests.test_iter3_factory_reset.TestE_VerifyClean" name="test_storage_zero_bytes" time="0.214" /><testcase classname="tests.test_iter3_factory_reset.TestE_VerifyClean" name="test_old_file_endpoint_404" time="0.094" /><testcase classname="tests.test_iter3_factory_reset.TestE_VerifyClean" name="test_superadmin_can_login" time="0.325" /><testcase classname="tests.test_iter3_factory_reset.TestE_VerifyClean" name="test_dashboard_zeros" time="0.103" /><testcase classname="tests.test_iter3_factory_reset.TestE_VerifyClean" name="test_old_tokens_now_invalid" time="0.379" /><testcase classname="tests.test_iter3_factory_reset.TestF_PostResetUsability" name="test_create_admin_lender_borrower" time="1.994" /><testcase classname="tests.test_iter3_factory_reset.TestF_PostResetUsability" name="test_loan_number_starts_from_0001" time="0.097" /><testcase classname="tests.test_iter3_factory_reset.TestF_PostResetUsability" name="test_full_flow_to_paid" time="0.994" /><testcase classname="tests.test_iter3_factory_reset.TestG_DoubleSubmit" name="test_two_parallel_resets_no_500" time="7.955"><failure message="AssertionError: got 5xx: [200, 500] — {&quot;ok&quot;:true,&quot;status&quot;:&quot;SUCCESS&quot;,&quot;deleted&quot;:{&quot;admins&quot;:1,&quot;lenders&quot;:1,&quot;borrowers&quot;:1,&quot;other_superadmins&quot;:0,&quot;loans&quot;:1,&quot;disbursements&quot;:1,&quot;payments&quot;:1,&quot;loan_status_histories&quot;:7,&quot;notifications&quot;:14,&quot;admin_notes&quot;:0,&quot;audit_logs&quot;:16,&quot;files&quot;:2,&quot;counters&quot;:1,&quot;storage_objects&quot;:50,&quot;storage_bytes&quot;:136,&quot;total_records&quot;:96},&quot;storage&quot;:{&quot;purged&quot;:50,&quot;failed&quot;:0,&quot;remaining_bytes&quot;:0},&quot;kept_superadmin&quot;:{&quot;full_name&quot;:&quot;Super Admin&quot;,&quot;phone&quot;:&quot;081200000001&quot;},&quot;settings&quot;:{&quot;app_name&quot;:&quot;PinjamKu&quot;,&quot;app_description&quot;:&quot;Sistem Manajemen Pinjaman&quot;,&quot;logo_url&quot;:null,&quot;favicon_url&quot;:null,&quot;interest_rate&quot;:10.0,&quot;late_fee_rate_per_day&quot;:1.0}} / {&quot;detail&quot;:&quot;Terjadi kesalahan pada server&quot;}&#10;assert 500 not in [200, 500]">backend/tests/test_iter3_factory_reset.py:485: in test_two_parallel_resets_no_500
    assert 500 not in statuses, f"got 5xx: {statuses} — {r1.text} / {r2.text}"
E   AssertionError: got 5xx: [200, 500] — {"ok":true,"status":"SUCCESS","deleted":{"admins":1,"lenders":1,"borrowers":1,"other_superadmins":0,"loans":1,"disbursements":1,"payments":1,"loan_status_histories":7,"notifications":14,"admin_notes":0,"audit_logs":16,"files":2,"counters":1,"storage_objects":50,"storage_bytes":136,"total_records":96},"storage":{"purged":50,"failed":0,"remaining_bytes":0},"kept_superadmin":{"full_name":"Super Admin","phone":"081200000001"},"settings":{"app_name":"PinjamKu","app_description":"Sistem Manajemen Pinjaman","logo_url":null,"favicon_url":null,"interest_rate":10.0,"late_fee_rate_per_day":1.0}} / {"detail":"Terjadi kesalahan pada server"}
E   assert 500 not in [200, 500]</failure></testcase><testcase classname="tests.test_iter3_factory_reset.TestG_DoubleSubmit" name="test_superadmin_intact_after_double" time="0.001" /><testcase classname="tests.test_iter3_factory_reset.TestG_DoubleSubmit" name="test_settings_still_default_after_double" time="36.324" /></testsuite></testsuites>