<?xml version="1.0" encoding="utf-8"?><testsuites name="pytest tests"><testsuite name="pytest" errors="0" failures="0" skipped="0" tests="8" time="13.155" timestamp="2026-08-16T11:12:02.108166+00:00" hostname="agent-env-b4aa3125-76bf-4548-8c66-3e77bd8c730d"><testcase classname="tests.test_iter8_password_change.TestLoginLockout" name="test_progressive_messages" time="6.374" /><testcase classname="tests.test_iter8_password_change.TestChangePasswordFlow" name="test_change_password_persists[admin]" time="4.481" /><testcase classname="tests.test_iter8_password_change.TestChangePasswordFlow" name="test_change_password_persists[lender]" time="3.316" /><testcase classname="tests.test_iter8_password_change.TestChangePasswordClearsLock" name="test_lock_cleared" time="3.917" /><testcase classname="tests.test_iter8_password_change.TestChangePasswordFlow" name="test_change_password_borrower" time="3.079" /><testcase classname="tests.test_iter8_password_change.TestBillyMustChangePassword" name="test_billy_gated" time="1.560" /><testcase classname="tests.test_iter8_password_change.TestChangePasswordFlow" name="test_same_password_rejected" time="1.072" /><testcase classname="tests.test_iter8_password_change.TestSuperadminIdempotent" name="test_only_one_superadmin" time="0.005" /></testsuite></testsuites>