<?xml version="1.0" encoding="utf-8"?><testsuites name="pytest tests"><testsuite name="pytest" errors="0" failures="0" skipped="0" tests="22" time="16.500" timestamp="2026-08-16T04:42:46.339456+00:00" hostname="agent-env-b4aa3125-76bf-4548-8c66-3e77bd8c730d"><testcase classname="tests.test_iter2_features.TestPhoneNormalization" name="test_super_login_08_format" time="0.391" /><testcase classname="tests.test_iter2_features.TestPhoneNormalization" name="test_super_login_62_format" time="0.326" /><testcase classname="tests.test_iter2_features.TestPhoneNormalization" name="test_super_login_plus62_format" time="0.329" /><testcase classname="tests.test_iter2_features.TestPhoneNormalization" name="test_super_login_0062_format" time="0.337" /><testcase classname="tests.test_iter2_features.TestPhoneNormalization" name="test_register_dup_phone_via_diff_format" time="0.842" /><testcase classname="tests.test_iter2_features.TestPhoneNormalization" name="test_create_lender_with_62_format_stored_as_08" time="0.316" /><testcase classname="tests.test_iter2_features.TestResetPassword" name="test_setup_users" time="1.597" /><testcase classname="tests.test_iter2_features.TestResetPassword" name="test_super_reset_borrower_and_gate" time="0.324" /><testcase classname="tests.test_iter2_features.TestResetPassword" name="test_login_with_temp_then_forced_gate" time="0.552" /><testcase classname="tests.test_iter2_features.TestResetPassword" name="test_change_password_clears_flag" time="1.194" /><testcase classname="tests.test_iter2_features.TestResetPassword" name="test_admin_can_reset_borrower_only" time="1.306" /><testcase classname="tests.test_iter2_features.TestResetPassword" name="test_admin_cannot_reset_another_admin" time="0.422" /><testcase classname="tests.test_iter2_features.TestResetPassword" name="test_super_cannot_reset_self" time="0.206" /><testcase classname="tests.test_iter2_features.TestResetPassword" name="test_borrower_cannot_call" time="0.096" /><testcase classname="tests.test_iter2_features.TestResetPassword" name="test_lender_cannot_call" time="0.096" /><testcase classname="tests.test_iter2_features.TestEmergencyOverride" name="test_override_verify_flow" time="2.895" /><testcase classname="tests.test_iter2_features.TestEmergencyOverride" name="test_override_reject_flow" time="4.144" /><testcase classname="tests.test_iter2_features.TestObjectStorage" name="test_files_have_pinjamku_prefix" time="0.001" /><testcase classname="tests.test_iter2_features.TestObjectStorage" name="test_file_requires_auth" time="0.157" /><testcase classname="tests.test_iter2_features.TestObjectStorage" name="test_file_forbidden_for_unrelated_borrower" time="0.433" /><testcase classname="tests.test_iter2_features.TestObjectStorage" name="test_file_ok_for_superadmin" time="0.287" /><testcase classname="tests.test_iter2_features.TestObjectStorage" name="test_upload_rejects_bad_mime" time="0.097" /></testsuite></testsuites>