<?xml version="1.0" encoding="utf-8"?><testsuites name="pytest tests"><testsuite name="pytest" errors="0" failures="1" skipped="0" tests="7" time="9.900" timestamp="2026-08-16T11:26:43.875199+00:00" hostname="agent-env-b4aa3125-76bf-4548-8c66-3e77bd8c730d"><testcase classname="tests.test_iter10_lockout_per_account.TestStrictLockout" name="test_progressive_then_429" time="2.700"><failure message="AssertionError: attempt 5: expected 429 got 401: {&quot;detail&quot;:&quot;Nomor HP atau password salah.&quot;}&#10;assert 401 == 429&#10; +  where 401 = &lt;Response [401]&gt;.status_code">tests/test_iter10_lockout_per_account.py:106: in test_progressive_then_429
    assert r.status_code == 429, f"attempt {i}: expected 429 got {r.status_code}: {r.text}"
E   AssertionError: attempt 5: expected 429 got 401: {"detail":"Nomor HP atau password salah."}
E   assert 401 == 429
E    +  where 401 = &lt;Response [401]&gt;.status_code</failure></testcase><testcase classname="tests.test_iter10_lockout_per_account.TestStrictLockout" name="test_correct_password_still_locked" time="2.689" /><testcase classname="tests.test_iter10_lockout_per_account.TestStrictLockout" name="test_change_password_clears_lock" time="2.606" /><testcase classname="tests.test_iter10_lockout_per_account.TestStrictLockout" name="test_successful_login_resets_counter" time="1.404" /><testcase classname="tests.test_iter10_lockout_per_account.TestFinalState" name="test_env_clean_and_super_ok" time="0.000" /><testcase classname="tests.test_iter10_lockout_per_account.TestFinalState" name="test_super_still_logs_in" time="0.325" /><testcase classname="tests.test_iter10_lockout_per_account.TestFinalState" name="test_three_canonical_users_present" time="0.005" /></testsuite></testsuites>