<?xml version="1.0" encoding="utf-8"?><testsuites name="pytest tests"><testsuite name="pytest" errors="0" failures="0" skipped="0" tests="19" time="5.757" timestamp="2026-08-17T17:44:27.954272+00:00" hostname="agent-env-b4aa3125-76bf-4548-8c66-3e77bd8c730d"><testcase classname="tests.test_iter15_s3_storage.TestStorageConfigured" name="test_env_populated" time="0.231" /><testcase classname="tests.test_iter15_s3_storage.TestStorageConfigured" name="test_bucket_reachable" time="0.088" /><testcase classname="tests.test_iter15_s3_storage.TestStorageConfigured" name="test_no_emergent_llm_key" time="0.000" /><testcase classname="tests.test_iter15_s3_storage.TestUploadRoundtrip" name="test_accepts_png" time="0.645" /><testcase classname="tests.test_iter15_s3_storage.TestUploadRoundtrip" name="test_accepts_jpg_webp_pdf" time="0.499" /><testcase classname="tests.test_iter15_s3_storage.TestUploadRoundtrip" name="test_rejects_text_plain" time="0.134" /><testcase classname="tests.test_iter15_s3_storage.TestUploadRoundtrip" name="test_rejects_exe" time="0.127" /><testcase classname="tests.test_iter15_s3_storage.TestUploadRoundtrip" name="test_rejects_empty" time="0.121" /><testcase classname="tests.test_iter15_s3_storage.TestUploadRoundtrip" name="test_rejects_oversize" time="0.508" /><testcase classname="tests.test_iter15_s3_storage.TestFileRBAC" name="test_401_without_token" time="0.129" /><testcase classname="tests.test_iter15_s3_storage.TestFileRBAC" name="test_404_unknown_id" time="0.151" /><testcase classname="tests.test_iter15_s3_storage.TestFileRBAC" name="test_404_when_object_missing" time="0.124" /><testcase classname="tests.test_iter15_s3_storage.TestFileRBAC" name="test_200_for_superadmin_with_headers" time="0.279" /><testcase classname="tests.test_iter15_s3_storage.TestFileRBAC" name="test_403_unrelated_borrower_on_loan_file" time="1.884" /><testcase classname="tests.test_iter15_s3_storage.TestNoLeaks" name="test_no_s3_creds_in_frontend_bundle" time="0.004" /><testcase classname="tests.test_iter15_s3_storage.TestNoLeaks" name="test_no_secrets_in_api_response" time="0.437" /><testcase classname="tests.test_iter15_s3_storage.TestNoLeaks" name="test_no_llm_imports_in_backend" time="0.002" /><testcase classname="tests.test_iter15_s3_storage.TestPurgePrefix" name="test_purge_prefix_deletes_objects" time="0.217" /><testcase classname="tests.test_iter15_s3_storage.TestLocalFallback" name="test_local_fallback_roundtrip" time="0.027" /></testsuite></testsuites>