<?xml version="1.0" encoding="utf-8"?><testsuites name="pytest tests"><testsuite name="pytest" errors="3" failures="0" skipped="0" tests="11" time="10.199" timestamp="2026-08-16T06:17:33.667544+00:00" hostname="agent-env-b4aa3125-76bf-4548-8c66-3e77bd8c730d"><testcase classname="tests.test_iter6_phone_change" name="test_change_phone_without_password" time="0.604" /><testcase classname="tests.test_iter6_phone_change" name="test_change_phone_wrong_password" time="0.334" /><testcase classname="tests.test_iter6_phone_change" name="test_change_phone_invalid_format" time="0.104" /><testcase classname="tests.test_iter6_phone_change" name="test_change_phone_conflict" time="0.092"><error message="failed on setup with &quot;AssertionError: {&quot;detail&quot;:&quot;Nomor HP sudah terdaftar&quot;}&#10;assert 400 in (200, 201)&#10; +  where 400 = &lt;Response [400]&gt;.status_code&quot;">backend/tests/test_iter6_phone_change.py:125: in admin_account
    assert r.status_code in (200, 201), r.text
E   AssertionError: {"detail":"Nomor HP sudah terdaftar"}
E   assert 400 in (200, 201)
E    +  where 400 = &lt;Response [400]&gt;.status_code</error></testcase><testcase classname="tests.test_iter6_phone_change" name="test_change_phone_normalized_plus62" time="1.740" /><testcase classname="tests.test_iter6_phone_change" name="test_audit_log_phone_change" time="0.004" /><testcase classname="tests.test_iter6_phone_change" name="test_factory_reset_preview_keeper_follows_current_super" time="1.136" /><testcase classname="tests.test_iter6_phone_change" name="test_seed_does_not_overwrite_after_restart" time="4.979" /><testcase classname="tests.test_iter6_phone_change" name="test_admin_cannot_change_phone" time="0.000"><error message="failed on setup with &quot;AssertionError: {&quot;detail&quot;:&quot;Nomor HP sudah terdaftar&quot;}&#10;assert 400 in (200, 201)&#10; +  where 400 = &lt;Response [400]&gt;.status_code&quot;">backend/tests/test_iter6_phone_change.py:125: in admin_account
    assert r.status_code in (200, 201), r.text
E   AssertionError: {"detail":"Nomor HP sudah terdaftar"}
E   assert 400 in (200, 201)
E    +  where 400 = &lt;Response [400]&gt;.status_code</error></testcase><testcase classname="tests.test_iter6_phone_change" name="test_lender_cannot_change_phone" time="0.096"><error message="failed on setup with &quot;AssertionError: {&quot;detail&quot;:&quot;Nomor HP sudah terdaftar&quot;}&#10;assert 400 in (200, 201)&#10; +  where 400 = &lt;Response [400]&gt;.status_code&quot;">backend/tests/test_iter6_phone_change.py:231: in lender_account
    assert r.status_code in (200, 201), r.text
E   AssertionError: {"detail":"Nomor HP sudah terdaftar"}
E   assert 400 in (200, 201)
E    +  where 400 = &lt;Response [400]&gt;.status_code</error></testcase><testcase classname="tests.test_iter6_phone_change" name="test_zz_restore_super_phone" time="0.951" /></testsuite></testsuites>