<?xml version="1.0" encoding="utf-8"?><testsuites name="pytest tests"><testsuite name="pytest" errors="21" failures="48" skipped="0" tests="88" time="15.346" timestamp="2026-08-16T11:14:07.164273+00:00" hostname="agent-env-b4aa3125-76bf-4548-8c66-3e77bd8c730d"><testcase classname="tests.test_iter2_features.TestResetPassword" name="test_setup_users" time="3.141" /><testcase classname="tests.test_iter6_phone_change" name="test_change_phone_without_password" time="0.924" /><testcase classname="tests.test_iter6_phone_change" name="test_change_phone_wrong_password" time="0.555" /><testcase classname="tests.test_iter6_phone_change" name="test_change_phone_invalid_format" time="0.283" /><testcase classname="tests.test_iter6_phone_change" name="test_change_phone_conflict" time="0.815" /><testcase classname="tests.test_iter6_phone_change" name="test_change_phone_normalized_plus62" time="3.113" /><testcase classname="tests.test_iter2_features.TestResetPassword" name="test_super_reset_borrower_and_gate" time="0.366" /><testcase classname="tests.test_iter2_features.TestResetPassword" name="test_login_with_temp_then_forced_gate" time="0.905" /><testcase classname="tests.test_iter2_features.TestResetPassword" name="test_change_password_clears_flag" time="1.637" /><testcase classname="tests.test_iter6_phone_change" name="test_audit_log_phone_change" time="0.005" /><testcase classname="tests.test_iter6_phone_change" name="test_factory_reset_preview_keeper_follows_current_super" time="1.017" /><testcase classname="tests.test_iter2_features.TestResetPassword" name="test_admin_can_reset_borrower_only" time="2.267"><failure message="AssertionError: &lt;!DOCTYPE html&gt;&#10;  &lt;!--[if lt IE 7]&gt; &lt;html class=&quot;no-js ie6 oldie&quot; lang=&quot;en-US&quot;&gt; &lt;![endif]--&gt;&#10;  &lt;!--[if IE 7]&gt;    &lt;html class=&quot;no-js ie7 oldie&quot; lang=&quot;en-US&quot;&gt; &lt;![endif]--&gt;&#10;  &lt;!--[if IE 8]&gt;    &lt;html class=&quot;no-js ie8 oldie&quot; lang=&quot;en-US&quot;&gt; &lt;![endif]--&gt;&#10;  &lt;!--[if gt IE 8]&gt;&lt;!--&gt; &lt;html class=&quot;no-js&quot; lang=&quot;en-US&quot;&gt; &lt;!--&lt;![endif]--&gt;&#10;  &lt;head&gt;&#10;  &#10;  &lt;title&gt;preview.emergentagent.com | 502: Bad gateway&lt;/title&gt;&#10;  &lt;meta charset=&quot;UTF-8&quot; /&gt;&#10;  &lt;meta http-equiv=&quot;Content-Type&quot; content=&quot;text/html; charset=UTF-8&quot; /&gt;&#10;  &lt;meta http-equiv=&quot;X-UA-Compatible&quot; content=&quot;IE=Edge&quot; /&gt;&#10;  &lt;meta name=&quot;robots&quot; content=&quot;noindex, nofollow&quot; /&gt;&#10;  &lt;meta name=&quot;viewport&quot; content=&quot;width=device-width,initial-scale=1&quot; /&gt;&#10;  &lt;link rel=&quot;stylesheet&quot; id=&quot;cf_styles-css&quot; href=&quot;/cdn-cgi/styles/main.css&quot; /&gt;&#10;  &lt;/head&gt;&#10;  &lt;body&gt;&#10;  &lt;div id=&quot;cf-wrapper&quot;&gt;&#10;      &lt;div id=&quot;cf-error-details&quot; class=&quot;p-0&quot;&gt;&#10;          &lt;header class=&quot;mx-auto pt-10 lg:pt-6 lg:px-8 w-240 lg:w-full mb-8&quot;&gt;&#10;              &lt;h1 class=&quot;inline-block sm:block sm:mb-2 font-light text-60 lg:text-4xl text-black-dark leading-tight mr-2&quot;&gt;&#10;                  &lt;span class=&quot;inline-block&quot;&gt;Bad gateway&lt;/span&gt;&#10;                  &lt;span class=&quot;code-label&quot;&gt;Error code 502&lt;/span&gt;&#10;              &lt;/h1&gt;&#10;              &lt;div&gt;&#10;                  Visit &lt;a href=&quot;https://www.cloudflare.com/5xx-error-landing?utm_source=errorcode_502&amp;utm_campaign=utang-tracker-3.cluster-12.preview.emergentcf.cloud&quot; target=&quot;_blank&quot; rel=&quot;noopener noreferrer&quot;&gt;cloudflare.com&lt;/a&gt; for more information.&#10;              &lt;/div&gt;&#10;              &lt;div class=&quot;mt-3&quot;&gt;2026-08-16 11:14:16 UTC&lt;/div&gt;&#10;          &lt;/header&gt;&#10;          &lt;div class=&quot;my-8 bg-gradient-gray&quot;&gt;&#10;              &lt;div class=&quot;w-240 lg:w-full mx-auto&quot;&gt;&#10;                  &lt;div class=&quot;clearfix md:px-8&quot;&gt;&#10;                      &lt;div id=&quot;cf-browser-status&quot; class=&quot; relative w-1/3 md:w-full py-15 md:p-0 md:py-8 md:text-left md:border-solid md:border-0 md:border-b md:border-gray-400 overflow-hidden float-left md:float-none text-center&quot;&gt;&#10;    &lt;div class=&quot;relative mb-10 md:m-0&quot;&gt;&#10;      &#10;      &lt;span class=&quot;cf-icon-browser block md:hidden h-20 bg-center bg-no-repeat&quot;&gt;&lt;/span&gt;&#10;      &lt;span class=&quot;cf-icon-ok w-12 h-12 absolute left-1/2 md:left-auto md:right-0 md:top-0 -ml-6 -bottom-4&quot;&gt;&lt;/span&gt;&#10;      &#10;    &lt;/div&gt;&#10;    &lt;span class=&quot;md:block w-full truncate&quot;&gt;You&lt;/span&gt;&#10;    &lt;h3 class=&quot;md:inline-block mt-3 md:mt-0 text-2xl text-gray-600 font-light leading-1.3&quot;&gt;&#10;    &#10;      Browser&#10;    &#10;    &lt;/h3&gt;&#10;    &#10;    &lt;span class=&quot;leading-1.3 text-2xl text-green-success&quot;&gt;Working&lt;/span&gt;&#10;    &#10;  &lt;/div&gt;&#10;                      &lt;div id=&quot;cf-cloudflare-status&quot; class=&quot; relative w-1/3 md:w-full py-15 md:p-0 md:py-8 md:text-left md:border-solid md:border-0 md:border-b md:border-gray-400 overflow-hidden float-left md:float-none text-center&quot;&gt;&#10;    &lt;div class=&quot;relative mb-10 md:m-0&quot;&gt;&#10;      &lt;a href=&quot;https://www.cloudflare.com/5xx-error-landing?utm_source=errorcode_502&amp;#38;utm_campaign=utang-tracker-3.cluster-12.preview.emergentcf.cloud&quot; target=&quot;_blank&quot; rel=&quot;noopener noreferrer&quot;&gt;&#10;      &lt;span class=&quot;cf-icon-cloud block md:hidden h-20 bg-center bg-no-repeat&quot;&gt;&lt;/span&gt;&#10;      &lt;span class=&quot;cf-icon-ok w-12 h-12 absolute left-1/2 md:left-auto md:right-0 md:top-0 -ml-6 -bottom-4&quot;&gt;&lt;/span&gt;&#10;      &lt;/a&gt;&#10;    &lt;/div&gt;&#10;    &lt;span class=&quot;md:block w-full truncate&quot;&gt;Chicago&lt;/span&gt;&#10;    &lt;h3 class=&quot;md:inline-block mt-3 md:mt-0 text-2xl text-gray-600 font-light leading-1.3&quot;&gt;&#10;    &lt;a href=&quot;https://www.cloudflare.com/5xx-error-landing?utm_source=errorcode_502&amp;utm_campaign=utang-tracker-3.cluster-12.preview.emergentcf.cloud&quot; target=&quot;_blank&quot; rel=&quot;noopener noreferrer&quot;&gt;&#10;      Cloudflare&#10;    &lt;/a&gt;&#10;    &lt;/h3&gt;&#10;    &#10;    &lt;span class=&quot;leading-1.3 text-2xl text-green-success&quot;&gt;Working&lt;/span&gt;&#10;    &#10;  &lt;/div&gt;&#10;                      &lt;div id=&quot;cf-host-status&quot; class=&quot;cf-error-source relative w-1/3 md:w-full py-15 md:p-0 md:py-8 md:text-left md:border-solid md:border-0 md:border-b md:border-gray-400 overflow-hidden float-left md:float-none text-center&quot;&gt;&#10;    &lt;div class=&quot;relative mb-10 md:m-0&quot;&gt;&#10;      &#10;      &lt;span class=&quot;cf-icon-server block md:hidden h-20 bg-center bg-no-repeat&quot;&gt;&lt;/span&gt;&#10;      &lt;span class=&quot;cf-icon-error w-12 h-12 absolute left-1/2 md:left-auto md:right-0 md:top-0 -ml-6 -bottom-4&quot;&gt;&lt;/span&gt;&#10;      &#10;    &lt;/div&gt;&#10;    &lt;span class=&quot;md:block w-full truncate&quot;&gt;utang-tracker-3.cluster-12.preview.emergentcf.cloud&lt;/span&gt;&#10;    &lt;h3 class=&quot;md:inline-block mt-3 md:mt-0 text-2xl text-gray-600 font-light leading-1.3&quot;&gt;&#10;    &#10;      Host&#10;    &#10;    &lt;/h3&gt;&#10;    &#10;    &lt;span class=&quot;leading-1.3 text-2xl text-red-error&quot;&gt;Error&lt;/span&gt;&#10;    &#10;  &lt;/div&gt;&#10;                  &lt;/div&gt;&#10;              &lt;/div&gt;&#10;          &lt;/div&gt;&#10;  &#10;          &lt;div class=&quot;w-240 lg:w-full mx-auto mb-8 lg:px-8&quot;&gt;&#10;              &lt;div class=&quot;clearfix&quot;&gt;&#10;                  &lt;div class=&quot;w-1/2 md:w-full float-left pr-6 md:pb-10 md:pr-0 leading-relaxed&quot;&gt;&#10;                      &lt;h2 class=&quot;text-3xl font-normal leading-1.3 mb-4&quot;&gt;What happened?&lt;/h2&gt;&#10;                      &lt;p&gt;The web server reported a bad gateway error.&lt;/p&gt;&#10;                  &lt;/div&gt;&#10;                  &lt;div class=&quot;w-1/2 md:w-full float-left leading-relaxed&quot;&gt;&#10;                      &lt;h2 class=&quot;text-3xl font-normal leading-1.3 mb-4&quot;&gt;What can I do?&lt;/h2&gt;&#10;                      &lt;p class=&quot;mb-6&quot;&gt;Please try again in a few minutes.&lt;/p&gt;&#10;                  &lt;/div&gt;&#10;              &lt;/div&gt;&#10;          &lt;/div&gt;&#10;  &#10;          &lt;div class=&quot;cf-error-footer cf-wrapper w-240 lg:w-full py-10 sm:py-4 sm:px-8 mx-auto text-center sm:text-left border-solid border-0 border-t border-gray-300&quot;&gt;&#10;      &lt;p class=&quot;text-13&quot;&gt;&#10;        &lt;span class=&quot;cf-footer-item sm:block sm:mb-1&quot;&gt;Cloudflare Ray ID: &lt;strong class=&quot;font-semibold&quot;&gt;a2c003aff8ee8f4b&lt;/strong&gt;&lt;/span&gt;&#10;        &lt;span class=&quot;cf-footer-separator sm:hidden&quot;&gt;&amp;bull;&lt;/span&gt;&#10;        &lt;span id=&quot;cf-footer-item-ip&quot; class=&quot;cf-footer-item hidden sm:block sm:mb-1&quot;&gt;&#10;          Your IP:&#10;          &lt;button type=&quot;button&quot; id=&quot;cf-footer-ip-reveal&quot; class=&quot;cf-footer-ip-reveal-btn&quot;&gt;Click to reveal&lt;/button&gt;&#10;          &lt;span class=&quot;hidden&quot; id=&quot;cf-footer-ip&quot;&gt;35.184.53.215&lt;/span&gt;&#10;          &lt;span class=&quot;cf-footer-separator sm:hidden&quot;&gt;&amp;bull;&lt;/span&gt;&#10;        &lt;/span&gt;&#10;        &lt;span class=&quot;cf-footer-item sm:block sm:mb-1&quot;&gt;&lt;span&gt;Performance &amp;amp; security by&lt;/span&gt; &lt;a rel=&quot;noopener noreferrer&quot; href=&quot;https://www.cloudflare.com/5xx-error-landing?utm_source=errorcode_502&amp;#38;utm_campaign=utang-tracker-3.cluster-12.preview.emergentcf.cloud&quot; id=&quot;brand_link&quot; target=&quot;_blank&quot;&gt;Cloudflare&lt;/a&gt;&lt;/span&gt;&#10;        &#10;      &lt;/p&gt;&#10;      &lt;script&gt;(function(){function d(){var b=a.getElementById(&quot;cf-footer-item-ip&quot;),c=a.getElementById(&quot;cf-footer-ip-reveal&quot;);b&amp;&amp;&quot;classList&quot;in b&amp;&amp;(b.classList.remove(&quot;hidden&quot;),c.addEventListener(&quot;click&quot;,function(){c.classList.add(&quot;hidden&quot;);a.getElementById(&quot;cf-footer-ip&quot;).classList.remove(&quot;hidden&quot;)}))}var a=document;document.addEventListener&amp;&amp;a.addEventListener(&quot;DOMContentLoaded&quot;,d)})();&lt;/script&gt;&#10;    &lt;/div&gt;&lt;!-- /.error-footer --&gt;&#10;  &#10;      &lt;/div&gt;&#10;  &lt;/div&gt;&#10;  &lt;script&gt;(function(){function c(){var b=a.contentDocument||(a.contentWindow&amp;&amp;a.contentWindow.document);if(b){var d=b.createElement('script');d.innerHTML=&quot;window.__CF$cv$params={r:'a2c003afd99d8e5c',t:'MTc4Njg3ODg1NQ=='};var a=document.createElement('script');a.src='/cdn-cgi/challenge-platform/scripts/jsd/main.js';document.getElementsByTagName('head')[0].appendChild(a);&quot;;b.getElementsByTagName('head')[0].appendChild(d)}}if(document.body){var a=document.createElement('iframe');a.height=1;a.width=1;a.style.position='absolute';a.style.top=0;a.style.left=0;a.style.border='none';a.style.visibility='hidden';document.body.appendChild(a);if('loading'!==document.readyState)c();else if(window.addEventListener)document.addEventListener('DOMContentLoaded',c);else{var e=document.onreadystatechange||function(){};document.onreadystatechange=function(b){e(b);'loading'!==document.readyState&amp;&amp;(document.onreadystatechange=e,c())}}}})();&lt;/script&gt;&lt;/body&gt;&#10;  &lt;/html&gt;&#10;assert 502 == 403&#10; +  where 502 = &lt;Response [502]&gt;.status_code">E   AssertionError: &lt;!DOCTYPE html&gt;
      &lt;!--[if lt IE 7]&gt; &lt;html class="no-js ie6 oldie" lang="en-US"&gt; &lt;![endif]--&gt;
      &lt;!--[if IE 7]&gt;    &lt;html class="no-js ie7 oldie" lang="en-US"&gt; &lt;![endif]--&gt;
      &lt;!--[if IE 8]&gt;    &lt;html class="no-js ie8 oldie" lang="en-US"&gt; &lt;![endif]--&gt;
      &lt;!--[if gt IE 8]&gt;&lt;!--&gt; &lt;html class="no-js" lang="en-US"&gt; &lt;!--&lt;![endif]--&gt;
      &lt;head&gt;
      
      &lt;title&gt;preview.emergentagent.com | 502: Bad gateway&lt;/title&gt;
      &lt;meta charset="UTF-8" /&gt;
      &lt;meta http-equiv="Content-Type" content="text/html; charset=UTF-8" /&gt;
      &lt;meta http-equiv="X-UA-Compatible" content="IE=Edge" /&gt;
      &lt;meta name="robots" content="noindex, nofollow" /&gt;
      &lt;meta name="viewport" content="width=device-width,initial-scale=1" /&gt;
      &lt;link rel="stylesheet" id="cf_styles-css" href="/cdn-cgi/styles/main.css" /&gt;
      &lt;/head&gt;
      &lt;body&gt;
      &lt;div id="cf-wrapper"&gt;
          &lt;div id="cf-error-details" class="p-0"&gt;
              &lt;header class="mx-auto pt-10 lg:pt-6 lg:px-8 w-240 lg:w-full mb-8"&gt;
                  &lt;h1 class="inline-block sm:block sm:mb-2 font-light text-60 lg:text-4xl text-black-dark leading-tight mr-2"&gt;
                      &lt;span class="inline-block"&gt;Bad gateway&lt;/span&gt;
                      &lt;span class="code-label"&gt;Error code 502&lt;/span&gt;
                  &lt;/h1&gt;
                  &lt;div&gt;
                      Visit &lt;a href="https://www.cloudflare.com/5xx-error-landing?utm_source=errorcode_502&amp;utm_campaign=utang-tracker-3.cluster-12.preview.emergentcf.cloud" target="_blank" rel="noopener noreferrer"&gt;cloudflare.com&lt;/a&gt; for more information.
                  &lt;/div&gt;
                  &lt;div class="mt-3"&gt;2026-08-16 11:14:16 UTC&lt;/div&gt;
              &lt;/header&gt;
              &lt;div class="my-8 bg-gradient-gray"&gt;
                  &lt;div class="w-240 lg:w-full mx-auto"&gt;
                      &lt;div class="clearfix md:px-8"&gt;
                          &lt;div id="cf-browser-status" class=" relative w-1/3 md:w-full py-15 md:p-0 md:py-8 md:text-left md:border-solid md:border-0 md:border-b md:border-gray-400 overflow-hidden float-left md:float-none text-center"&gt;
        &lt;div class="relative mb-10 md:m-0"&gt;
          
          &lt;span class="cf-icon-browser block md:hidden h-20 bg-center bg-no-repeat"&gt;&lt;/span&gt;
          &lt;span class="cf-icon-ok w-12 h-12 absolute left-1/2 md:left-auto md:right-0 md:top-0 -ml-6 -bottom-4"&gt;&lt;/span&gt;
          
        &lt;/div&gt;
        &lt;span class="md:block w-full truncate"&gt;You&lt;/span&gt;
        &lt;h3 class="md:inline-block mt-3 md:mt-0 text-2xl text-gray-600 font-light leading-1.3"&gt;
        
          Browser
        
        &lt;/h3&gt;
        
        &lt;span class="leading-1.3 text-2xl text-green-success"&gt;Working&lt;/span&gt;
        
      &lt;/div&gt;
                          &lt;div id="cf-cloudflare-status" class=" relative w-1/3 md:w-full py-15 md:p-0 md:py-8 md:text-left md:border-solid md:border-0 md:border-b md:border-gray-400 overflow-hidden float-left md:float-none text-center"&gt;
        &lt;div class="relative mb-10 md:m-0"&gt;
          &lt;a href="https://www.cloudflare.com/5xx-error-landing?utm_source=errorcode_502&amp;#38;utm_campaign=utang-tracker-3.cluster-12.preview.emergentcf.cloud" target="_blank" rel="noopener noreferrer"&gt;
          &lt;span class="cf-icon-cloud block md:hidden h-20 bg-center bg-no-repeat"&gt;&lt;/span&gt;
          &lt;span class="cf-icon-ok w-12 h-12 absolute left-1/2 md:left-auto md:right-0 md:top-0 -ml-6 -bottom-4"&gt;&lt;/span&gt;
          &lt;/a&gt;
        &lt;/div&gt;
        &lt;span class="md:block w-full truncate"&gt;Chicago&lt;/span&gt;
        &lt;h3 class="md:inline-block mt-3 md:mt-0 text-2xl text-gray-600 font-light leading-1.3"&gt;
        &lt;a href="https://www.cloudflare.com/5xx-error-landing?utm_source=errorcode_502&amp;utm_campaign=utang-tracker-3.cluster-12.preview.emergentcf.cloud" target="_blank" rel="noopener noreferrer"&gt;
          Cloudflare
        &lt;/a&gt;
        &lt;/h3&gt;
        
        &lt;span class="leading-1.3 text-2xl text-green-success"&gt;Working&lt;/span&gt;
        
      &lt;/div&gt;
                          &lt;div id="cf-host-status" class="cf-error-source relative w-1/3 md:w-full py-15 md:p-0 md:py-8 md:text-left md:border-solid md:border-0 md:border-b md:border-gray-400 overflow-hidden float-left md:float-none text-center"&gt;
        &lt;div class="relative mb-10 md:m-0"&gt;
          
          &lt;span class="cf-icon-server block md:hidden h-20 bg-center bg-no-repeat"&gt;&lt;/span&gt;
          &lt;span class="cf-icon-error w-12 h-12 absolute left-1/2 md:left-auto md:right-0 md:top-0 -ml-6 -bottom-4"&gt;&lt;/span&gt;
          
        &lt;/div&gt;
        &lt;span class="md:block w-full truncate"&gt;utang-tracker-3.cluster-12.preview.emergentcf.cloud&lt;/span&gt;
        &lt;h3 class="md:inline-block mt-3 md:mt-0 text-2xl text-gray-600 font-light leading-1.3"&gt;
        
          Host
        
        &lt;/h3&gt;
        
        &lt;span class="leading-1.3 text-2xl text-red-error"&gt;Error&lt;/span&gt;
        
      &lt;/div&gt;
                      &lt;/div&gt;
                  &lt;/div&gt;
              &lt;/div&gt;
      
              &lt;div class="w-240 lg:w-full mx-auto mb-8 lg:px-8"&gt;
                  &lt;div class="clearfix"&gt;
                      &lt;div class="w-1/2 md:w-full float-left pr-6 md:pb-10 md:pr-0 leading-relaxed"&gt;
                          &lt;h2 class="text-3xl font-normal leading-1.3 mb-4"&gt;What happened?&lt;/h2&gt;
                          &lt;p&gt;The web server reported a bad gateway error.&lt;/p&gt;
                      &lt;/div&gt;
                      &lt;div class="w-1/2 md:w-full float-left leading-relaxed"&gt;
                          &lt;h2 class="text-3xl font-normal leading-1.3 mb-4"&gt;What can I do?&lt;/h2&gt;
                          &lt;p class="mb-6"&gt;Please try again in a few minutes.&lt;/p&gt;
                      &lt;/div&gt;
                  &lt;/div&gt;
              &lt;/div&gt;
      
              &lt;div class="cf-error-footer cf-wrapper w-240 lg:w-full py-10 sm:py-4 sm:px-8 mx-auto text-center sm:text-left border-solid border-0 border-t border-gray-300"&gt;
          &lt;p class="text-13"&gt;
            &lt;span class="cf-footer-item sm:block sm:mb-1"&gt;Cloudflare Ray ID: &lt;strong class="font-semibold"&gt;a2c003aff8ee8f4b&lt;/strong&gt;&lt;/span&gt;
            &lt;span class="cf-footer-separator sm:hidden"&gt;&amp;bull;&lt;/span&gt;
            &lt;span id="cf-footer-item-ip" class="cf-footer-item hidden sm:block sm:mb-1"&gt;
              Your IP:
              &lt;button type="button" id="cf-footer-ip-reveal" class="cf-footer-ip-reveal-btn"&gt;Click to reveal&lt;/button&gt;
              &lt;span class="hidden" id="cf-footer-ip"&gt;35.184.53.215&lt;/span&gt;
              &lt;span class="cf-footer-separator sm:hidden"&gt;&amp;bull;&lt;/span&gt;
            &lt;/span&gt;
            &lt;span class="cf-footer-item sm:block sm:mb-1"&gt;&lt;span&gt;Performance &amp;amp; security by&lt;/span&gt; &lt;a rel="noopener noreferrer" href="https://www.cloudflare.com/5xx-error-landing?utm_source=errorcode_502&amp;#38;utm_campaign=utang-tracker-3.cluster-12.preview.emergentcf.cloud" id="brand_link" target="_blank"&gt;Cloudflare&lt;/a&gt;&lt;/span&gt;
            
          &lt;/p&gt;
          &lt;script&gt;(function(){function d(){var b=a.getElementById("cf-footer-item-ip"),c=a.getElementById("cf-footer-ip-reveal");b&amp;&amp;"classList"in b&amp;&amp;(b.classList.remove("hidden"),c.addEventListener("click",function(){c.classList.add("hidden");a.getElementById("cf-footer-ip").classList.remove("hidden")}))}var a=document;document.addEventListener&amp;&amp;a.addEventListener("DOMContentLoaded",d)})();&lt;/script&gt;
        &lt;/div&gt;&lt;!-- /.error-footer --&gt;
      
          &lt;/div&gt;
      &lt;/div&gt;
      &lt;script&gt;(function(){function c(){var b=a.contentDocument||(a.contentWindow&amp;&amp;a.contentWindow.document);if(b){var d=b.createElement('script');d.innerHTML="window.__CF$cv$params={r:'a2c003afd99d8e5c',t:'MTc4Njg3ODg1NQ=='};var a=document.createElement('script');a.src='/cdn-cgi/challenge-platform/scripts/jsd/main.js';document.getElementsByTagName('head')[0].appendChild(a);";b.getElementsByTagName('head')[0].appendChild(d)}}if(document.body){var a=document.createElement('iframe');a.height=1;a.width=1;a.style.position='absolute';a.style.top=0;a.style.left=0;a.style.border='none';a.style.visibility='hidden';document.body.appendChild(a);if('loading'!==document.readyState)c();else if(window.addEventListener)document.addEventListener('DOMContentLoaded',c);else{var e=document.onreadystatechange||function(){};document.onreadystatechange=function(b){e(b);'loading'!==document.readyState&amp;&amp;(document.onreadystatechange=e,c())}}}})();&lt;/script&gt;&lt;/body&gt;
      &lt;/html&gt;
    assert 502 == 403
     +  where 502 = &lt;Response [502]&gt;.status_code</failure></testcase><testcase classname="tests.test_iter6_phone_change" name="test_seed_does_not_overwrite_after_restart" time="5.146" /><testcase classname="tests.test_iter2_features.TestResetPassword" name="test_admin_cannot_reset_another_admin" time="0.140"><failure message="assert 502 == 200&#10; +  where 502 = &lt;Response [502]&gt;.status_code">E   assert 502 == 200
     +  where 502 = &lt;Response [502]&gt;.status_code</failure></testcase><testcase classname="tests.test_iter2_features.TestResetPassword" name="test_super_cannot_reset_self" time="0.128"><failure message="requests.exceptions.JSONDecodeError: Expecting value: line 1 column 1 (char 0)">E   json.decoder.JSONDecodeError: Expecting value: line 1 column 1 (char 0)

During handling of the above exception, another exception occurred:
E   requests.exceptions.JSONDecodeError: Expecting value: line 1 column 1 (char 0)</failure></testcase><testcase classname="tests.test_iter2_features.TestResetPassword" name="test_borrower_cannot_call" time="0.097"><failure message="assert 502 == 403&#10; +  where 502 = &lt;Response [502]&gt;.status_code">E   assert 502 == 403
     +  where 502 = &lt;Response [502]&gt;.status_code</failure></testcase><testcase classname="tests.test_iter2_features.TestResetPassword" name="test_lender_cannot_call" time="0.102"><failure message="assert 502 == 403&#10; +  where 502 = &lt;Response [502]&gt;.status_code">E   assert 502 == 403
     +  where 502 = &lt;Response [502]&gt;.status_code</failure></testcase><testcase classname="tests.test_iter4_rbac_regress" name="test_factory_reset_preview_forbidden_for_admin" time="0.096"><error message="failed on setup with &quot;AssertionError: &lt;!DOCTYPE html&gt;&#10;  &lt;!--[if lt IE 7]&gt; &lt;html class=&quot;no-js ie6 oldie&quot; lang=&quot;en-US&quot;&gt; &lt;![endif]--&gt;&#10;  &lt;!--[if IE 7]&gt;    &lt;html class=&quot;no-js ie7 oldie&quot; lang=&quot;en-US&quot;&gt; &lt;![endif]--&gt;&#10;  &lt;!--[if IE 8]&gt;    &lt;html class=&quot;no-js ie8 oldie&quot; lang=&quot;en-US&quot;&gt; &lt;![endif]--&gt;&#10;  &lt;!--[if gt IE 8]&gt;&lt;!--&gt; &lt;html class=&quot;no-js&quot; lang=&quot;en-US&quot;&gt; &lt;!--&lt;![endif]--&gt;&#10;  &lt;head&gt;&#10;  &#10;  &lt;title&gt;preview.emergentagent.com | 502: Bad gateway&lt;/title&gt;&#10;  &lt;meta charset=&quot;UTF-8&quot; /&gt;&#10;  &lt;meta http-equiv=&quot;Content-Type&quot; content=&quot;text/html; charset=UTF-8&quot; /&gt;&#10;  &lt;meta http-equiv=&quot;X-UA-Compatible&quot; content=&quot;IE=Edge&quot; /&gt;&#10;  &lt;meta name=&quot;robots&quot; content=&quot;noindex, nofollow&quot; /&gt;&#10;  &lt;meta name=&quot;viewport&quot; content=&quot;width=device-width,initial-scale=1&quot; /&gt;&#10;  &lt;link rel=&quot;stylesheet&quot; id=&quot;cf_styles-css&quot; href=&quot;/cdn-cgi/styles/main.css&quot; /&gt;&#10;  &lt;/head&gt;&#10;  &lt;body&gt;&#10;  &lt;div id=&quot;cf-wrapper&quot;&gt;&#10;      &lt;div id=&quot;cf-error-details&quot; class=&quot;p-0&quot;&gt;&#10;          &lt;header class=&quot;mx-auto pt-10 lg:pt-6 lg:px-8 w-240 lg:w-full mb-8&quot;&gt;&#10;              &lt;h1 class=&quot;inline-block sm:block sm:mb-2 font-light text-60 lg:text-4xl text-black-dark leading-tight mr-2&quot;&gt;&#10;                  &lt;span class=&quot;inline-block&quot;&gt;Bad gateway&lt;/span&gt;&#10;                  &lt;span class=&quot;code-label&quot;&gt;Error code 502&lt;/span&gt;&#10;              &lt;/h1&gt;&#10;              &lt;div&gt;&#10;                  Visit &lt;a href=&quot;https://www.cloudflare.com/5xx-error-landing?utm_source=errorcode_502&amp;utm_campaign=utang-tracker-3.cluster-12.preview.emergentcf.cloud&quot; target=&quot;_blank&quot; rel=&quot;noopener noreferrer&quot;&gt;cloudflare.com&lt;/a&gt; for more information.&#10;              &lt;/div&gt;&#10;              &lt;div class=&quot;mt-3&quot;&gt;2026-08-16 11:14:16 UTC&lt;/div&gt;&#10;          &lt;/header&gt;&#10;          &lt;div class=&quot;my-8 bg-gradient-gray&quot;&gt;&#10;              &lt;div class=&quot;w-240 lg:w-full mx-auto&quot;&gt;&#10;                  &lt;div class=&quot;clearfix md:px-8&quot;&gt;&#10;                      &lt;div id=&quot;cf-browser-status&quot; class=&quot; relative w-1/3 md:w-full py-15 md:p-0 md:py-8 md:text-left md:border-solid md:border-0 md:border-b md:border-gray-400 overflow-hidden float-left md:float-none text-center&quot;&gt;&#10;    &lt;div class=&quot;relative mb-10 md:m-0&quot;&gt;&#10;      &#10;      &lt;span class=&quot;cf-icon-browser block md:hidden h-20 bg-center bg-no-repeat&quot;&gt;&lt;/span&gt;&#10;      &lt;span class=&quot;cf-icon-ok w-12 h-12 absolute left-1/2 md:left-auto md:right-0 md:top-0 -ml-6 -bottom-4&quot;&gt;&lt;/span&gt;&#10;      &#10;    &lt;/div&gt;&#10;    &lt;span class=&quot;md:block w-full truncate&quot;&gt;You&lt;/span&gt;&#10;    &lt;h3 class=&quot;md:inline-block mt-3 md:mt-0 text-2xl text-gray-600 font-light leading-1.3&quot;&gt;&#10;    &#10;      Browser&#10;    &#10;    &lt;/h3&gt;&#10;    &#10;    &lt;span class=&quot;leading-1.3 text-2xl text-green-success&quot;&gt;Working&lt;/span&gt;&#10;    &#10;  &lt;/div&gt;&#10;                      &lt;div id=&quot;cf-cloudflare-status&quot; class=&quot; relative w-1/3 md:w-full py-15 md:p-0 md:py-8 md:text-left md:border-solid md:border-0 md:border-b md:border-gray-400 overflow-hidden float-left md:float-none text-center&quot;&gt;&#10;    &lt;div class=&quot;relative mb-10 md:m-0&quot;&gt;&#10;      &lt;a href=&quot;https://www.cloudflare.com/5xx-error-landing?utm_source=errorcode_502&amp;#38;utm_campaign=utang-tracker-3.cluster-12.preview.emergentcf.cloud&quot; target=&quot;_blank&quot; rel=&quot;noopener noreferrer&quot;&gt;&#10;      &lt;span class=&quot;cf-icon-cloud block md:hidden h-20 bg-center bg-no-repeat&quot;&gt;&lt;/span&gt;&#10;      &lt;span class=&quot;cf-icon-ok w-12 h-12 absolute left-1/2 md:left-auto md:right-0 md:top-0 -ml-6 -bottom-4&quot;&gt;&lt;/span&gt;&#10;      &lt;/a&gt;&#10;    &lt;/div&gt;&#10;    &lt;span class=&quot;md:block w-full truncate&quot;&gt;Chicago&lt;/span&gt;&#10;    &lt;h3 class=&quot;md:inline-block mt-3 md:mt-0 text-2xl text-gray-600 font-light leading-1.3&quot;&gt;&#10;    &lt;a href=&quot;https://www.cloudflare.com/5xx-error-landing?utm_source=errorcode_502&amp;utm_campaign=utang-tracker-3.cluster-12.preview.emergentcf.cloud&quot; target=&quot;_blank&quot; rel=&quot;noopener noreferrer&quot;&gt;&#10;      Cloudflare&#10;    &lt;/a&gt;&#10;    &lt;/h3&gt;&#10;    &#10;    &lt;span class=&quot;leading-1.3 text-2xl text-green-success&quot;&gt;Working&lt;/span&gt;&#10;    &#10;  &lt;/div&gt;&#10;                      &lt;div id=&quot;cf-host-status&quot; class=&quot;cf-error-source relative w-1/3 md:w-full py-15 md:p-0 md:py-8 md:text-left md:border-solid md:border-0 md:border-b md:border-gray-400 overflow-hidden float-left md:float-none text-center&quot;&gt;&#10;    &lt;div class=&quot;relative mb-10 md:m-0&quot;&gt;&#10;      &#10;      &lt;span class=&quot;cf-icon-server block md:hidden h-20 bg-center bg-no-repeat&quot;&gt;&lt;/span&gt;&#10;      &lt;span class=&quot;cf-icon-error w-12 h-12 absolute left-1/2 md:left-auto md:right-0 md:top-0 -ml-6 -bottom-4&quot;&gt;&lt;/span&gt;&#10;      &#10;    &lt;/div&gt;&#10;    &lt;span class=&quot;md:block w-full truncate&quot;&gt;utang-tracker-3.cluster-12.preview.emergentcf.cloud&lt;/span&gt;&#10;    &lt;h3 class=&quot;md:inline-block mt-3 md:mt-0 text-2xl text-gray-600 font-light leading-1.3&quot;&gt;&#10;    &#10;      Host&#10;    &#10;    &lt;/h3&gt;&#10;    &#10;    &lt;span class=&quot;leading-1.3 text-2xl text-red-error&quot;&gt;Error&lt;/span&gt;&#10;    &#10;  &lt;/div&gt;&#10;                  &lt;/div&gt;&#10;              &lt;/div&gt;&#10;          &lt;/div&gt;&#10;  &#10;          &lt;div class=&quot;w-240 lg:w-full mx-auto mb-8 lg:px-8&quot;&gt;&#10;              &lt;div class=&quot;clearfix&quot;&gt;&#10;                  &lt;div class=&quot;w-1/2 md:w-full float-left pr-6 md:pb-10 md:pr-0 leading-relaxed&quot;&gt;&#10;                      &lt;h2 class=&quot;text-3xl font-normal leading-1.3 mb-4&quot;&gt;What happened?&lt;/h2&gt;&#10;                      &lt;p&gt;The web server reported a bad gateway error.&lt;/p&gt;&#10;                  &lt;/div&gt;&#10;                  &lt;div class=&quot;w-1/2 md:w-full float-left leading-relaxed&quot;&gt;&#10;                      &lt;h2 class=&quot;text-3xl font-normal leading-1.3 mb-4&quot;&gt;What can I do?&lt;/h2&gt;&#10;                      &lt;p class=&quot;mb-6&quot;&gt;Please try again in a few minutes.&lt;/p&gt;&#10;                  &lt;/div&gt;&#10;              &lt;/div&gt;&#10;          &lt;/div&gt;&#10;  &#10;          &lt;div class=&quot;cf-error-footer cf-wrapper w-240 lg:w-full py-10 sm:py-4 sm:px-8 mx-auto text-center sm:text-left border-solid border-0 border-t border-gray-300&quot;&gt;&#10;      &lt;p class=&quot;text-13&quot;&gt;&#10;        &lt;span class=&quot;cf-footer-item sm:block sm:mb-1&quot;&gt;Cloudflare Ray ID: &lt;strong class=&quot;font-semibold&quot;&gt;a2c003b67e476b84&lt;/strong&gt;&lt;/span&gt;&#10;        &lt;span class=&quot;cf-footer-separator sm:hidden&quot;&gt;&amp;bull;&lt;/span&gt;&#10;        &lt;span id=&quot;cf-footer-item-ip&quot; class=&quot;cf-footer-item hidden sm:block sm:mb-1&quot;&gt;&#10;          Your IP:&#10;          &lt;button type=&quot;button&quot; id=&quot;cf-footer-ip-reveal&quot; class=&quot;cf-footer-ip-reveal-btn&quot;&gt;Click to reveal&lt;/button&gt;&#10;          &lt;span class=&quot;hidden&quot; id=&quot;cf-footer-ip&quot;&gt;35.184.53.215&lt;/span&gt;&#10;          &lt;span class=&quot;cf-footer-separator sm:hidden&quot;&gt;&amp;bull;&lt;/span&gt;&#10;        &lt;/span&gt;&#10;        &lt;span class=&quot;cf-footer-item sm:block sm:mb-1&quot;&gt;&lt;span&gt;Performance &amp;amp; security by&lt;/span&gt; &lt;a rel=&quot;noopener noreferrer&quot; href=&quot;https://www.cloudflare.com/5xx-error-landing?utm_source=errorcode_502&amp;#38;utm_campaign=utang-tracker-3.cluster-12.preview.emergentcf.cloud&quot; id=&quot;brand_link&quot; target=&quot;_blank&quot;&gt;Cloudflare&lt;/a&gt;&lt;/span&gt;&#10;        &#10;      &lt;/p&gt;&#10;      &lt;script&gt;(function(){function d(){var b=a.getElementById(&quot;cf-footer-item-ip&quot;),c=a.getElementById(&quot;cf-footer-ip-reveal&quot;);b&amp;&amp;&quot;classList&quot;in b&amp;&amp;(b.classList.remove(&quot;hidden&quot;),c.addEventListener(&quot;click&quot;,function(){c.classList.add(&quot;hidden&quot;);a.getElementById(&quot;cf-footer-ip&quot;).classList.remove(&quot;hidden&quot;)}))}var a=document;document.addEventListener&amp;&amp;a.addEventListener(&quot;DOMContentLoaded&quot;,d)})();&lt;/script&gt;&#10;    &lt;/div&gt;&lt;!-- /.error-footer --&gt;&#10;  &#10;      &lt;/div&gt;&#10;  &lt;/div&gt;&#10;  &lt;script&gt;(function(){function c(){var b=a.contentDocument||(a.contentWindow&amp;&amp;a.contentWindow.document);if(b){var d=b.createElement('script');d.innerHTML=&quot;window.__CF$cv$params={r:'a2c003b66b896b84',t:'MTc4Njg3ODg1Ng=='};var a=document.createElement('script');a.src='/cdn-cgi/challenge-platform/scripts/jsd/main.js';document.getElementsByTagName('head')[0].appendChild(a);&quot;;b.getElementsByTagName('head')[0].appendChild(d)}}if(document.body){var a=document.createElement('iframe');a.height=1;a.width=1;a.style.position='absolute';a.style.top=0;a.style.left=0;a.style.border='none';a.style.visibility='hidden';document.body.appendChild(a);if('loading'!==document.readyState)c();else if(window.addEventListener)document.addEventListener('DOMContentLoaded',c);else{var e=document.onreadystatechange||function(){};document.onreadystatechange=function(b){e(b);'loading'!==document.readyState&amp;&amp;(document.onreadystatechange=e,c())}}}})();&lt;/script&gt;&lt;/body&gt;&#10;  &lt;/html&gt;&#10;assert 502 == 200&#10; +  where 502 = &lt;Response [502]&gt;.status_code&quot;">E   AssertionError: &lt;!DOCTYPE html&gt;
      &lt;!--[if lt IE 7]&gt; &lt;html class="no-js ie6 oldie" lang="en-US"&gt; &lt;![endif]--&gt;
      &lt;!--[if IE 7]&gt;    &lt;html class="no-js ie7 oldie" lang="en-US"&gt; &lt;![endif]--&gt;
      &lt;!--[if IE 8]&gt;    &lt;html class="no-js ie8 oldie" lang="en-US"&gt; &lt;![endif]--&gt;
      &lt;!--[if gt IE 8]&gt;&lt;!--&gt; &lt;html class="no-js" lang="en-US"&gt; &lt;!--&lt;![endif]--&gt;
      &lt;head&gt;
      
      &lt;title&gt;preview.emergentagent.com | 502: Bad gateway&lt;/title&gt;
      &lt;meta charset="UTF-8" /&gt;
      &lt;meta http-equiv="Content-Type" content="text/html; charset=UTF-8" /&gt;
      &lt;meta http-equiv="X-UA-Compatible" content="IE=Edge" /&gt;
      &lt;meta name="robots" content="noindex, nofollow" /&gt;
      &lt;meta name="viewport" content="width=device-width,initial-scale=1" /&gt;
      &lt;link rel="stylesheet" id="cf_styles-css" href="/cdn-cgi/styles/main.css" /&gt;
      &lt;/head&gt;
      &lt;body&gt;
      &lt;div id="cf-wrapper"&gt;
          &lt;div id="cf-error-details" class="p-0"&gt;
              &lt;header class="mx-auto pt-10 lg:pt-6 lg:px-8 w-240 lg:w-full mb-8"&gt;
                  &lt;h1 class="inline-block sm:block sm:mb-2 font-light text-60 lg:text-4xl text-black-dark leading-tight mr-2"&gt;
                      &lt;span class="inline-block"&gt;Bad gateway&lt;/span&gt;
                      &lt;span class="code-label"&gt;Error code 502&lt;/span&gt;
                  &lt;/h1&gt;
                  &lt;div&gt;
                      Visit &lt;a href="https://www.cloudflare.com/5xx-error-landing?utm_source=errorcode_502&amp;utm_campaign=utang-tracker-3.cluster-12.preview.emergentcf.cloud" target="_blank" rel="noopener noreferrer"&gt;cloudflare.com&lt;/a&gt; for more information.
                  &lt;/div&gt;
                  &lt;div class="mt-3"&gt;2026-08-16 11:14:16 UTC&lt;/div&gt;
              &lt;/header&gt;
              &lt;div class="my-8 bg-gradient-gray"&gt;
                  &lt;div class="w-240 lg:w-full mx-auto"&gt;
                      &lt;div class="clearfix md:px-8"&gt;
                          &lt;div id="cf-browser-status" class=" relative w-1/3 md:w-full py-15 md:p-0 md:py-8 md:text-left md:border-solid md:border-0 md:border-b md:border-gray-400 overflow-hidden float-left md:float-none text-center"&gt;
        &lt;div class="relative mb-10 md:m-0"&gt;
          
          &lt;span class="cf-icon-browser block md:hidden h-20 bg-center bg-no-repeat"&gt;&lt;/span&gt;
          &lt;span class="cf-icon-ok w-12 h-12 absolute left-1/2 md:left-auto md:right-0 md:top-0 -ml-6 -bottom-4"&gt;&lt;/span&gt;
          
        &lt;/div&gt;
        &lt;span class="md:block w-full truncate"&gt;You&lt;/span&gt;
        &lt;h3 class="md:inline-block mt-3 md:mt-0 text-2xl text-gray-600 font-light leading-1.3"&gt;
        
          Browser
        
        &lt;/h3&gt;
        
        &lt;span class="leading-1.3 text-2xl text-green-success"&gt;Working&lt;/span&gt;
        
      &lt;/div&gt;
                          &lt;div id="cf-cloudflare-status" class=" relative w-1/3 md:w-full py-15 md:p-0 md:py-8 md:text-left md:border-solid md:border-0 md:border-b md:border-gray-400 overflow-hidden float-left md:float-none text-center"&gt;
        &lt;div class="relative mb-10 md:m-0"&gt;
          &lt;a href="https://www.cloudflare.com/5xx-error-landing?utm_source=errorcode_502&amp;#38;utm_campaign=utang-tracker-3.cluster-12.preview.emergentcf.cloud" target="_blank" rel="noopener noreferrer"&gt;
          &lt;span class="cf-icon-cloud block md:hidden h-20 bg-center bg-no-repeat"&gt;&lt;/span&gt;
          &lt;span class="cf-icon-ok w-12 h-12 absolute left-1/2 md:left-auto md:right-0 md:top-0 -ml-6 -bottom-4"&gt;&lt;/span&gt;
          &lt;/a&gt;
        &lt;/div&gt;
        &lt;span class="md:block w-full truncate"&gt;Chicago&lt;/span&gt;
        &lt;h3 class="md:inline-block mt-3 md:mt-0 text-2xl text-gray-600 font-light leading-1.3"&gt;
        &lt;a href="https://www.cloudflare.com/5xx-error-landing?utm_source=errorcode_502&amp;utm_campaign=utang-tracker-3.cluster-12.preview.emergentcf.cloud" target="_blank" rel="noopener noreferrer"&gt;
          Cloudflare
        &lt;/a&gt;
        &lt;/h3&gt;
        
        &lt;span class="leading-1.3 text-2xl text-green-success"&gt;Working&lt;/span&gt;
        
      &lt;/div&gt;
                          &lt;div id="cf-host-status" class="cf-error-source relative w-1/3 md:w-full py-15 md:p-0 md:py-8 md:text-left md:border-solid md:border-0 md:border-b md:border-gray-400 overflow-hidden float-left md:float-none text-center"&gt;
        &lt;div class="relative mb-10 md:m-0"&gt;
          
          &lt;span class="cf-icon-server block md:hidden h-20 bg-center bg-no-repeat"&gt;&lt;/span&gt;
          &lt;span class="cf-icon-error w-12 h-12 absolute left-1/2 md:left-auto md:right-0 md:top-0 -ml-6 -bottom-4"&gt;&lt;/span&gt;
          
        &lt;/div&gt;
        &lt;span class="md:block w-full truncate"&gt;utang-tracker-3.cluster-12.preview.emergentcf.cloud&lt;/span&gt;
        &lt;h3 class="md:inline-block mt-3 md:mt-0 text-2xl text-gray-600 font-light leading-1.3"&gt;
        
          Host
        
        &lt;/h3&gt;
        
        &lt;span class="leading-1.3 text-2xl text-red-error"&gt;Error&lt;/span&gt;
        
      &lt;/div&gt;
                      &lt;/div&gt;
                  &lt;/div&gt;
              &lt;/div&gt;
      
              &lt;div class="w-240 lg:w-full mx-auto mb-8 lg:px-8"&gt;
                  &lt;div class="clearfix"&gt;
                      &lt;div class="w-1/2 md:w-full float-left pr-6 md:pb-10 md:pr-0 leading-relaxed"&gt;
                          &lt;h2 class="text-3xl font-normal leading-1.3 mb-4"&gt;What happened?&lt;/h2&gt;
                          &lt;p&gt;The web server reported a bad gateway error.&lt;/p&gt;
                      &lt;/div&gt;
                      &lt;div class="w-1/2 md:w-full float-left leading-relaxed"&gt;
                          &lt;h2 class="text-3xl font-normal leading-1.3 mb-4"&gt;What can I do?&lt;/h2&gt;
                          &lt;p class="mb-6"&gt;Please try again in a few minutes.&lt;/p&gt;
                      &lt;/div&gt;
                  &lt;/div&gt;
              &lt;/div&gt;
      
              &lt;div class="cf-error-footer cf-wrapper w-240 lg:w-full py-10 sm:py-4 sm:px-8 mx-auto text-center sm:text-left border-solid border-0 border-t border-gray-300"&gt;
          &lt;p class="text-13"&gt;
            &lt;span class="cf-footer-item sm:block sm:mb-1"&gt;Cloudflare Ray ID: &lt;strong class="font-semibold"&gt;a2c003b67e476b84&lt;/strong&gt;&lt;/span&gt;
            &lt;span class="cf-footer-separator sm:hidden"&gt;&amp;bull;&lt;/span&gt;
            &lt;span id="cf-footer-item-ip" class="cf-footer-item hidden sm:block sm:mb-1"&gt;
              Your IP:
              &lt;button type="button" id="cf-footer-ip-reveal" class="cf-footer-ip-reveal-btn"&gt;Click to reveal&lt;/button&gt;
              &lt;span class="hidden" id="cf-footer-ip"&gt;35.184.53.215&lt;/span&gt;
              &lt;span class="cf-footer-separator sm:hidden"&gt;&amp;bull;&lt;/span&gt;
            &lt;/span&gt;
            &lt;span class="cf-footer-item sm:block sm:mb-1"&gt;&lt;span&gt;Performance &amp;amp; security by&lt;/span&gt; &lt;a rel="noopener noreferrer" href="https://www.cloudflare.com/5xx-error-landing?utm_source=errorcode_502&amp;#38;utm_campaign=utang-tracker-3.cluster-12.preview.emergentcf.cloud" id="brand_link" target="_blank"&gt;Cloudflare&lt;/a&gt;&lt;/span&gt;
            
          &lt;/p&gt;
          &lt;script&gt;(function(){function d(){var b=a.getElementById("cf-footer-item-ip"),c=a.getElementById("cf-footer-ip-reveal");b&amp;&amp;"classList"in b&amp;&amp;(b.classList.remove("hidden"),c.addEventListener("click",function(){c.classList.add("hidden");a.getElementById("cf-footer-ip").classList.remove("hidden")}))}var a=document;document.addEventListener&amp;&amp;a.addEventListener("DOMContentLoaded",d)})();&lt;/script&gt;
        &lt;/div&gt;&lt;!-- /.error-footer --&gt;
      
          &lt;/div&gt;
      &lt;/div&gt;
      &lt;script&gt;(function(){function c(){var b=a.contentDocument||(a.contentWindow&amp;&amp;a.contentWindow.document);if(b){var d=b.createElement('script');d.innerHTML="window.__CF$cv$params={r:'a2c003b66b896b84',t:'MTc4Njg3ODg1Ng=='};var a=document.createElement('script');a.src='/cdn-cgi/challenge-platform/scripts/jsd/main.js';document.getElementsByTagName('head')[0].appendChild(a);";b.getElementsByTagName('head')[0].appendChild(d)}}if(document.body){var a=document.createElement('iframe');a.height=1;a.width=1;a.style.position='absolute';a.style.top=0;a.style.left=0;a.style.border='none';a.style.visibility='hidden';document.body.appendChild(a);if('loading'!==document.readyState)c();else if(window.addEventListener)document.addEventListener('DOMContentLoaded',c);else{var e=document.onreadystatechange||function(){};document.onreadystatechange=function(b){e(b);'loading'!==document.readyState&amp;&amp;(document.onreadystatechange=e,c())}}}})();&lt;/script&gt;&lt;/body&gt;
      &lt;/html&gt;
    assert 502 == 200
     +  where 502 = &lt;Response [502]&gt;.status_code</error></testcase><testcase classname="tests.test_iter4_rbac_regress" name="test_factory_reset_forbidden_for_admin" time="0.001"><error message="failed on setup with &quot;AssertionError: &lt;!DOCTYPE html&gt;&#10;  &lt;!--[if lt IE 7]&gt; &lt;html class=&quot;no-js ie6 oldie&quot; lang=&quot;en-US&quot;&gt; &lt;![endif]--&gt;&#10;  &lt;!--[if IE 7]&gt;    &lt;html class=&quot;no-js ie7 oldie&quot; lang=&quot;en-US&quot;&gt; &lt;![endif]--&gt;&#10;  &lt;!--[if IE 8]&gt;    &lt;html class=&quot;no-js ie8 oldie&quot; lang=&quot;en-US&quot;&gt; &lt;![endif]--&gt;&#10;  &lt;!--[if gt IE 8]&gt;&lt;!--&gt; &lt;html class=&quot;no-js&quot; lang=&quot;en-US&quot;&gt; &lt;!--&lt;![endif]--&gt;&#10;  &lt;head&gt;&#10;  &#10;  &lt;title&gt;preview.emergentagent.com | 502: Bad gateway&lt;/title&gt;&#10;  &lt;meta charset=&quot;UTF-8&quot; /&gt;&#10;  &lt;meta http-equiv=&quot;Content-Type&quot; content=&quot;text/html; charset=UTF-8&quot; /&gt;&#10;  &lt;meta http-equiv=&quot;X-UA-Compatible&quot; content=&quot;IE=Edge&quot; /&gt;&#10;  &lt;meta name=&quot;robots&quot; content=&quot;noindex, nofollow&quot; /&gt;&#10;  &lt;meta name=&quot;viewport&quot; content=&quot;width=device-width,initial-scale=1&quot; /&gt;&#10;  &lt;link rel=&quot;stylesheet&quot; id=&quot;cf_styles-css&quot; href=&quot;/cdn-cgi/styles/main.css&quot; /&gt;&#10;  &lt;/head&gt;&#10;  &lt;body&gt;&#10;  &lt;div id=&quot;cf-wrapper&quot;&gt;&#10;      &lt;div id=&quot;cf-error-details&quot; class=&quot;p-0&quot;&gt;&#10;          &lt;header class=&quot;mx-auto pt-10 lg:pt-6 lg:px-8 w-240 lg:w-full mb-8&quot;&gt;&#10;              &lt;h1 class=&quot;inline-block sm:block sm:mb-2 font-light text-60 lg:text-4xl text-black-dark leading-tight mr-2&quot;&gt;&#10;                  &lt;span class=&quot;inline-block&quot;&gt;Bad gateway&lt;/span&gt;&#10;                  &lt;span class=&quot;code-label&quot;&gt;Error code 502&lt;/span&gt;&#10;              &lt;/h1&gt;&#10;              &lt;div&gt;&#10;                  Visit &lt;a href=&quot;https://www.cloudflare.com/5xx-error-landing?utm_source=errorcode_502&amp;utm_campaign=utang-tracker-3.cluster-12.preview.emergentcf.cloud&quot; target=&quot;_blank&quot; rel=&quot;noopener noreferrer&quot;&gt;cloudflare.com&lt;/a&gt; for more information.&#10;              &lt;/div&gt;&#10;              &lt;div class=&quot;mt-3&quot;&gt;2026-08-16 11:14:16 UTC&lt;/div&gt;&#10;          &lt;/header&gt;&#10;          &lt;div class=&quot;my-8 bg-gradient-gray&quot;&gt;&#10;              &lt;div class=&quot;w-240 lg:w-full mx-auto&quot;&gt;&#10;                  &lt;div class=&quot;clearfix md:px-8&quot;&gt;&#10;                      &lt;div id=&quot;cf-browser-status&quot; class=&quot; relative w-1/3 md:w-full py-15 md:p-0 md:py-8 md:text-left md:border-solid md:border-0 md:border-b md:border-gray-400 overflow-hidden float-left md:float-none text-center&quot;&gt;&#10;    &lt;div class=&quot;relative mb-10 md:m-0&quot;&gt;&#10;      &#10;      &lt;span class=&quot;cf-icon-browser block md:hidden h-20 bg-center bg-no-repeat&quot;&gt;&lt;/span&gt;&#10;      &lt;span class=&quot;cf-icon-ok w-12 h-12 absolute left-1/2 md:left-auto md:right-0 md:top-0 -ml-6 -bottom-4&quot;&gt;&lt;/span&gt;&#10;      &#10;    &lt;/div&gt;&#10;    &lt;span class=&quot;md:block w-full truncate&quot;&gt;You&lt;/span&gt;&#10;    &lt;h3 class=&quot;md:inline-block mt-3 md:mt-0 text-2xl text-gray-600 font-light leading-1.3&quot;&gt;&#10;    &#10;      Browser&#10;    &#10;    &lt;/h3&gt;&#10;    &#10;    &lt;span class=&quot;leading-1.3 text-2xl text-green-success&quot;&gt;Working&lt;/span&gt;&#10;    &#10;  &lt;/div&gt;&#10;                      &lt;div id=&quot;cf-cloudflare-status&quot; class=&quot; relative w-1/3 md:w-full py-15 md:p-0 md:py-8 md:text-left md:border-solid md:border-0 md:border-b md:border-gray-400 overflow-hidden float-left md:float-none text-center&quot;&gt;&#10;    &lt;div class=&quot;relative mb-10 md:m-0&quot;&gt;&#10;      &lt;a href=&quot;https://www.cloudflare.com/5xx-error-landing?utm_source=errorcode_502&amp;#38;utm_campaign=utang-tracker-3.cluster-12.preview.emergentcf.cloud&quot; target=&quot;_blank&quot; rel=&quot;noopener noreferrer&quot;&gt;&#10;      &lt;span class=&quot;cf-icon-cloud block md:hidden h-20 bg-center bg-no-repeat&quot;&gt;&lt;/span&gt;&#10;      &lt;span class=&quot;cf-icon-ok w-12 h-12 absolute left-1/2 md:left-auto md:right-0 md:top-0 -ml-6 -bottom-4&quot;&gt;&lt;/span&gt;&#10;      &lt;/a&gt;&#10;    &lt;/div&gt;&#10;    &lt;span class=&quot;md:block w-full truncate&quot;&gt;Chicago&lt;/span&gt;&#10;    &lt;h3 class=&quot;md:inline-block mt-3 md:mt-0 text-2xl text-gray-600 font-light leading-1.3&quot;&gt;&#10;    &lt;a href=&quot;https://www.cloudflare.com/5xx-error-landing?utm_source=errorcode_502&amp;utm_campaign=utang-tracker-3.cluster-12.preview.emergentcf.cloud&quot; target=&quot;_blank&quot; rel=&quot;noopener noreferrer&quot;&gt;&#10;      Cloudflare&#10;    &lt;/a&gt;&#10;    &lt;/h3&gt;&#10;    &#10;    &lt;span class=&quot;leading-1.3 text-2xl text-green-success&quot;&gt;Working&lt;/span&gt;&#10;    &#10;  &lt;/div&gt;&#10;                      &lt;div id=&quot;cf-host-status&quot; class=&quot;cf-error-source relative w-1/3 md:w-full py-15 md:p-0 md:py-8 md:text-left md:border-solid md:border-0 md:border-b md:border-gray-400 overflow-hidden float-left md:float-none text-center&quot;&gt;&#10;    &lt;div class=&quot;relative mb-10 md:m-0&quot;&gt;&#10;      &#10;      &lt;span class=&quot;cf-icon-server block md:hidden h-20 bg-center bg-no-repeat&quot;&gt;&lt;/span&gt;&#10;      &lt;span class=&quot;cf-icon-error w-12 h-12 absolute left-1/2 md:left-auto md:right-0 md:top-0 -ml-6 -bottom-4&quot;&gt;&lt;/span&gt;&#10;      &#10;    &lt;/div&gt;&#10;    &lt;span class=&quot;md:block w-full truncate&quot;&gt;utang-tracker-3.cluster-12.preview.emergentcf.cloud&lt;/span&gt;&#10;    &lt;h3 class=&quot;md:inline-block mt-3 md:mt-0 text-2xl text-gray-600 font-light leading-1.3&quot;&gt;&#10;    &#10;      Host&#10;    &#10;    &lt;/h3&gt;&#10;    &#10;    &lt;span class=&quot;leading-1.3 text-2xl text-red-error&quot;&gt;Error&lt;/span&gt;&#10;    &#10;  &lt;/div&gt;&#10;                  &lt;/div&gt;&#10;              &lt;/div&gt;&#10;          &lt;/div&gt;&#10;  &#10;          &lt;div class=&quot;w-240 lg:w-full mx-auto mb-8 lg:px-8&quot;&gt;&#10;              &lt;div class=&quot;clearfix&quot;&gt;&#10;                  &lt;div class=&quot;w-1/2 md:w-full float-left pr-6 md:pb-10 md:pr-0 leading-relaxed&quot;&gt;&#10;                      &lt;h2 class=&quot;text-3xl font-normal leading-1.3 mb-4&quot;&gt;What happened?&lt;/h2&gt;&#10;                      &lt;p&gt;The web server reported a bad gateway error.&lt;/p&gt;&#10;                  &lt;/div&gt;&#10;                  &lt;div class=&quot;w-1/2 md:w-full float-left leading-relaxed&quot;&gt;&#10;                      &lt;h2 class=&quot;text-3xl font-normal leading-1.3 mb-4&quot;&gt;What can I do?&lt;/h2&gt;&#10;                      &lt;p class=&quot;mb-6&quot;&gt;Please try again in a few minutes.&lt;/p&gt;&#10;                  &lt;/div&gt;&#10;              &lt;/div&gt;&#10;          &lt;/div&gt;&#10;  &#10;          &lt;div class=&quot;cf-error-footer cf-wrapper w-240 lg:w-full py-10 sm:py-4 sm:px-8 mx-auto text-center sm:text-left border-solid border-0 border-t border-gray-300&quot;&gt;&#10;      &lt;p class=&quot;text-13&quot;&gt;&#10;        &lt;span class=&quot;cf-footer-item sm:block sm:mb-1&quot;&gt;Cloudflare Ray ID: &lt;strong class=&quot;font-semibold&quot;&gt;a2c003b67e476b84&lt;/strong&gt;&lt;/span&gt;&#10;        &lt;span class=&quot;cf-footer-separator sm:hidden&quot;&gt;&amp;bull;&lt;/span&gt;&#10;        &lt;span id=&quot;cf-footer-item-ip&quot; class=&quot;cf-footer-item hidden sm:block sm:mb-1&quot;&gt;&#10;          Your IP:&#10;          &lt;button type=&quot;button&quot; id=&quot;cf-footer-ip-reveal&quot; class=&quot;cf-footer-ip-reveal-btn&quot;&gt;Click to reveal&lt;/button&gt;&#10;          &lt;span class=&quot;hidden&quot; id=&quot;cf-footer-ip&quot;&gt;35.184.53.215&lt;/span&gt;&#10;          &lt;span class=&quot;cf-footer-separator sm:hidden&quot;&gt;&amp;bull;&lt;/span&gt;&#10;        &lt;/span&gt;&#10;        &lt;span class=&quot;cf-footer-item sm:block sm:mb-1&quot;&gt;&lt;span&gt;Performance &amp;amp; security by&lt;/span&gt; &lt;a rel=&quot;noopener noreferrer&quot; href=&quot;https://www.cloudflare.com/5xx-error-landing?utm_source=errorcode_502&amp;#38;utm_campaign=utang-tracker-3.cluster-12.preview.emergentcf.cloud&quot; id=&quot;brand_link&quot; target=&quot;_blank&quot;&gt;Cloudflare&lt;/a&gt;&lt;/span&gt;&#10;        &#10;      &lt;/p&gt;&#10;      &lt;script&gt;(function(){function d(){var b=a.getElementById(&quot;cf-footer-item-ip&quot;),c=a.getElementById(&quot;cf-footer-ip-reveal&quot;);b&amp;&amp;&quot;classList&quot;in b&amp;&amp;(b.classList.remove(&quot;hidden&quot;),c.addEventListener(&quot;click&quot;,function(){c.classList.add(&quot;hidden&quot;);a.getElementById(&quot;cf-footer-ip&quot;).classList.remove(&quot;hidden&quot;)}))}var a=document;document.addEventListener&amp;&amp;a.addEventListener(&quot;DOMContentLoaded&quot;,d)})();&lt;/script&gt;&#10;    &lt;/div&gt;&lt;!-- /.error-footer --&gt;&#10;  &#10;      &lt;/div&gt;&#10;  &lt;/div&gt;&#10;  &lt;script&gt;(function(){function c(){var b=a.contentDocument||(a.contentWindow&amp;&amp;a.contentWindow.document);if(b){var d=b.createElement('script');d.innerHTML=&quot;window.__CF$cv$params={r:'a2c003b66b896b84',t:'MTc4Njg3ODg1Ng=='};var a=document.createElement('script');a.src='/cdn-cgi/challenge-platform/scripts/jsd/main.js';document.getElementsByTagName('head')[0].appendChild(a);&quot;;b.getElementsByTagName('head')[0].appendChild(d)}}if(document.body){var a=document.createElement('iframe');a.height=1;a.width=1;a.style.position='absolute';a.style.top=0;a.style.left=0;a.style.border='none';a.style.visibility='hidden';document.body.appendChild(a);if('loading'!==document.readyState)c();else if(window.addEventListener)document.addEventListener('DOMContentLoaded',c);else{var e=document.onreadystatechange||function(){};document.onreadystatechange=function(b){e(b);'loading'!==document.readyState&amp;&amp;(document.onreadystatechange=e,c())}}}})();&lt;/script&gt;&lt;/body&gt;&#10;  &lt;/html&gt;&#10;assert 502 == 200&#10; +  where 502 = &lt;Response [502]&gt;.status_code&quot;">E   AssertionError: &lt;!DOCTYPE html&gt;
      &lt;!--[if lt IE 7]&gt; &lt;html class="no-js ie6 oldie" lang="en-US"&gt; &lt;![endif]--&gt;
      &lt;!--[if IE 7]&gt;    &lt;html class="no-js ie7 oldie" lang="en-US"&gt; &lt;![endif]--&gt;
      &lt;!--[if IE 8]&gt;    &lt;html class="no-js ie8 oldie" lang="en-US"&gt; &lt;![endif]--&gt;
      &lt;!--[if gt IE 8]&gt;&lt;!--&gt; &lt;html class="no-js" lang="en-US"&gt; &lt;!--&lt;![endif]--&gt;
      &lt;head&gt;
      
      &lt;title&gt;preview.emergentagent.com | 502: Bad gateway&lt;/title&gt;
      &lt;meta charset="UTF-8" /&gt;
      &lt;meta http-equiv="Content-Type" content="text/html; charset=UTF-8" /&gt;
      &lt;meta http-equiv="X-UA-Compatible" content="IE=Edge" /&gt;
      &lt;meta name="robots" content="noindex, nofollow" /&gt;
      &lt;meta name="viewport" content="width=device-width,initial-scale=1" /&gt;
      &lt;link rel="stylesheet" id="cf_styles-css" href="/cdn-cgi/styles/main.css" /&gt;
      &lt;/head&gt;
      &lt;body&gt;
      &lt;div id="cf-wrapper"&gt;
          &lt;div id="cf-error-details" class="p-0"&gt;
              &lt;header class="mx-auto pt-10 lg:pt-6 lg:px-8 w-240 lg:w-full mb-8"&gt;
                  &lt;h1 class="inline-block sm:block sm:mb-2 font-light text-60 lg:text-4xl text-black-dark leading-tight mr-2"&gt;
                      &lt;span class="inline-block"&gt;Bad gateway&lt;/span&gt;
                      &lt;span class="code-label"&gt;Error code 502&lt;/span&gt;
                  &lt;/h1&gt;
                  &lt;div&gt;
                      Visit &lt;a href="https://www.cloudflare.com/5xx-error-landing?utm_source=errorcode_502&amp;utm_campaign=utang-tracker-3.cluster-12.preview.emergentcf.cloud" target="_blank" rel="noopener noreferrer"&gt;cloudflare.com&lt;/a&gt; for more information.
                  &lt;/div&gt;
                  &lt;div class="mt-3"&gt;2026-08-16 11:14:16 UTC&lt;/div&gt;
              &lt;/header&gt;
              &lt;div class="my-8 bg-gradient-gray"&gt;
                  &lt;div class="w-240 lg:w-full mx-auto"&gt;
                      &lt;div class="clearfix md:px-8"&gt;
                          &lt;div id="cf-browser-status" class=" relative w-1/3 md:w-full py-15 md:p-0 md:py-8 md:text-left md:border-solid md:border-0 md:border-b md:border-gray-400 overflow-hidden float-left md:float-none text-center"&gt;
        &lt;div class="relative mb-10 md:m-0"&gt;
          
          &lt;span class="cf-icon-browser block md:hidden h-20 bg-center bg-no-repeat"&gt;&lt;/span&gt;
          &lt;span class="cf-icon-ok w-12 h-12 absolute left-1/2 md:left-auto md:right-0 md:top-0 -ml-6 -bottom-4"&gt;&lt;/span&gt;
          
        &lt;/div&gt;
        &lt;span class="md:block w-full truncate"&gt;You&lt;/span&gt;
        &lt;h3 class="md:inline-block mt-3 md:mt-0 text-2xl text-gray-600 font-light leading-1.3"&gt;
        
          Browser
        
        &lt;/h3&gt;
        
        &lt;span class="leading-1.3 text-2xl text-green-success"&gt;Working&lt;/span&gt;
        
      &lt;/div&gt;
                          &lt;div id="cf-cloudflare-status" class=" relative w-1/3 md:w-full py-15 md:p-0 md:py-8 md:text-left md:border-solid md:border-0 md:border-b md:border-gray-400 overflow-hidden float-left md:float-none text-center"&gt;
        &lt;div class="relative mb-10 md:m-0"&gt;
          &lt;a href="https://www.cloudflare.com/5xx-error-landing?utm_source=errorcode_502&amp;#38;utm_campaign=utang-tracker-3.cluster-12.preview.emergentcf.cloud" target="_blank" rel="noopener noreferrer"&gt;
          &lt;span class="cf-icon-cloud block md:hidden h-20 bg-center bg-no-repeat"&gt;&lt;/span&gt;
          &lt;span class="cf-icon-ok w-12 h-12 absolute left-1/2 md:left-auto md:right-0 md:top-0 -ml-6 -bottom-4"&gt;&lt;/span&gt;
          &lt;/a&gt;
        &lt;/div&gt;
        &lt;span class="md:block w-full truncate"&gt;Chicago&lt;/span&gt;
        &lt;h3 class="md:inline-block mt-3 md:mt-0 text-2xl text-gray-600 font-light leading-1.3"&gt;
        &lt;a href="https://www.cloudflare.com/5xx-error-landing?utm_source=errorcode_502&amp;utm_campaign=utang-tracker-3.cluster-12.preview.emergentcf.cloud" target="_blank" rel="noopener noreferrer"&gt;
          Cloudflare
        &lt;/a&gt;
        &lt;/h3&gt;
        
        &lt;span class="leading-1.3 text-2xl text-green-success"&gt;Working&lt;/span&gt;
        
      &lt;/div&gt;
                          &lt;div id="cf-host-status" class="cf-error-source relative w-1/3 md:w-full py-15 md:p-0 md:py-8 md:text-left md:border-solid md:border-0 md:border-b md:border-gray-400 overflow-hidden float-left md:float-none text-center"&gt;
        &lt;div class="relative mb-10 md:m-0"&gt;
          
          &lt;span class="cf-icon-server block md:hidden h-20 bg-center bg-no-repeat"&gt;&lt;/span&gt;
          &lt;span class="cf-icon-error w-12 h-12 absolute left-1/2 md:left-auto md:right-0 md:top-0 -ml-6 -bottom-4"&gt;&lt;/span&gt;
          
        &lt;/div&gt;
        &lt;span class="md:block w-full truncate"&gt;utang-tracker-3.cluster-12.preview.emergentcf.cloud&lt;/span&gt;
        &lt;h3 class="md:inline-block mt-3 md:mt-0 text-2xl text-gray-600 font-light leading-1.3"&gt;
        
          Host
        
        &lt;/h3&gt;
        
        &lt;span class="leading-1.3 text-2xl text-red-error"&gt;Error&lt;/span&gt;
        
      &lt;/div&gt;
                      &lt;/div&gt;
                  &lt;/div&gt;
              &lt;/div&gt;
      
              &lt;div class="w-240 lg:w-full mx-auto mb-8 lg:px-8"&gt;
                  &lt;div class="clearfix"&gt;
                      &lt;div class="w-1/2 md:w-full float-left pr-6 md:pb-10 md:pr-0 leading-relaxed"&gt;
                          &lt;h2 class="text-3xl font-normal leading-1.3 mb-4"&gt;What happened?&lt;/h2&gt;
                          &lt;p&gt;The web server reported a bad gateway error.&lt;/p&gt;
                      &lt;/div&gt;
                      &lt;div class="w-1/2 md:w-full float-left leading-relaxed"&gt;
                          &lt;h2 class="text-3xl font-normal leading-1.3 mb-4"&gt;What can I do?&lt;/h2&gt;
                          &lt;p class="mb-6"&gt;Please try again in a few minutes.&lt;/p&gt;
                      &lt;/div&gt;
                  &lt;/div&gt;
              &lt;/div&gt;
      
              &lt;div class="cf-error-footer cf-wrapper w-240 lg:w-full py-10 sm:py-4 sm:px-8 mx-auto text-center sm:text-left border-solid border-0 border-t border-gray-300"&gt;
          &lt;p class="text-13"&gt;
            &lt;span class="cf-footer-item sm:block sm:mb-1"&gt;Cloudflare Ray ID: &lt;strong class="font-semibold"&gt;a2c003b67e476b84&lt;/strong&gt;&lt;/span&gt;
            &lt;span class="cf-footer-separator sm:hidden"&gt;&amp;bull;&lt;/span&gt;
            &lt;span id="cf-footer-item-ip" class="cf-footer-item hidden sm:block sm:mb-1"&gt;
              Your IP:
              &lt;button type="button" id="cf-footer-ip-reveal" class="cf-footer-ip-reveal-btn"&gt;Click to reveal&lt;/button&gt;
              &lt;span class="hidden" id="cf-footer-ip"&gt;35.184.53.215&lt;/span&gt;
              &lt;span class="cf-footer-separator sm:hidden"&gt;&amp;bull;&lt;/span&gt;
            &lt;/span&gt;
            &lt;span class="cf-footer-item sm:block sm:mb-1"&gt;&lt;span&gt;Performance &amp;amp; security by&lt;/span&gt; &lt;a rel="noopener noreferrer" href="https://www.cloudflare.com/5xx-error-landing?utm_source=errorcode_502&amp;#38;utm_campaign=utang-tracker-3.cluster-12.preview.emergentcf.cloud" id="brand_link" target="_blank"&gt;Cloudflare&lt;/a&gt;&lt;/span&gt;
            
          &lt;/p&gt;
          &lt;script&gt;(function(){function d(){var b=a.getElementById("cf-footer-item-ip"),c=a.getElementById("cf-footer-ip-reveal");b&amp;&amp;"classList"in b&amp;&amp;(b.classList.remove("hidden"),c.addEventListener("click",function(){c.classList.add("hidden");a.getElementById("cf-footer-ip").classList.remove("hidden")}))}var a=document;document.addEventListener&amp;&amp;a.addEventListener("DOMContentLoaded",d)})();&lt;/script&gt;
        &lt;/div&gt;&lt;!-- /.error-footer --&gt;
      
          &lt;/div&gt;
      &lt;/div&gt;
      &lt;script&gt;(function(){function c(){var b=a.contentDocument||(a.contentWindow&amp;&amp;a.contentWindow.document);if(b){var d=b.createElement('script');d.innerHTML="window.__CF$cv$params={r:'a2c003b66b896b84',t:'MTc4Njg3ODg1Ng=='};var a=document.createElement('script');a.src='/cdn-cgi/challenge-platform/scripts/jsd/main.js';document.getElementsByTagName('head')[0].appendChild(a);";b.getElementsByTagName('head')[0].appendChild(d)}}if(document.body){var a=document.createElement('iframe');a.height=1;a.width=1;a.style.position='absolute';a.style.top=0;a.style.left=0;a.style.border='none';a.style.visibility='hidden';document.body.appendChild(a);if('loading'!==document.readyState)c();else if(window.addEventListener)document.addEventListener('DOMContentLoaded',c);else{var e=document.onreadystatechange||function(){};document.onreadystatechange=function(b){e(b);'loading'!==document.readyState&amp;&amp;(document.onreadystatechange=e,c())}}}})();&lt;/script&gt;&lt;/body&gt;
      &lt;/html&gt;
    assert 502 == 200
     +  where 502 = &lt;Response [502]&gt;.status_code</error></testcase><testcase classname="tests.test_iter4_rbac_regress" name="test_factory_reset_unauth" time="0.101"><failure message="AssertionError: &lt;!DOCTYPE html&gt;&#10;  &lt;!--[if lt IE 7]&gt; &lt;html class=&quot;no-js ie6 oldie&quot; lang=&quot;en-US&quot;&gt; &lt;![endif]--&gt;&#10;  &lt;!--[if IE 7]&gt;    &lt;html class=&quot;no-js ie7 oldie&quot; lang=&quot;en-US&quot;&gt; &lt;![endif]--&gt;&#10;  &lt;!--[if IE 8]&gt;    &lt;html class=&quot;no-js ie8 oldie&quot; lang=&quot;en-US&quot;&gt; &lt;![endif]--&gt;&#10;  &lt;!--[if gt IE 8]&gt;&lt;!--&gt; &lt;html class=&quot;no-js&quot; lang=&quot;en-US&quot;&gt; &lt;!--&lt;![endif]--&gt;&#10;  &lt;head&gt;&#10;  &#10;  &lt;title&gt;preview.emergentagent.com | 502: Bad gateway&lt;/title&gt;&#10;  &lt;meta charset=&quot;UTF-8&quot; /&gt;&#10;  &lt;meta http-equiv=&quot;Content-Type&quot; content=&quot;text/html; charset=UTF-8&quot; /&gt;&#10;  &lt;meta http-equiv=&quot;X-UA-Compatible&quot; content=&quot;IE=Edge&quot; /&gt;&#10;  &lt;meta name=&quot;robots&quot; content=&quot;noindex, nofollow&quot; /&gt;&#10;  &lt;meta name=&quot;viewport&quot; content=&quot;width=device-width,initial-scale=1&quot; /&gt;&#10;  &lt;link rel=&quot;stylesheet&quot; id=&quot;cf_styles-css&quot; href=&quot;/cdn-cgi/styles/main.css&quot; /&gt;&#10;  &lt;/head&gt;&#10;  &lt;body&gt;&#10;  &lt;div id=&quot;cf-wrapper&quot;&gt;&#10;      &lt;div id=&quot;cf-error-details&quot; class=&quot;p-0&quot;&gt;&#10;          &lt;header class=&quot;mx-auto pt-10 lg:pt-6 lg:px-8 w-240 lg:w-full mb-8&quot;&gt;&#10;              &lt;h1 class=&quot;inline-block sm:block sm:mb-2 font-light text-60 lg:text-4xl text-black-dark leading-tight mr-2&quot;&gt;&#10;                  &lt;span class=&quot;inline-block&quot;&gt;Bad gateway&lt;/span&gt;&#10;                  &lt;span class=&quot;code-label&quot;&gt;Error code 502&lt;/span&gt;&#10;              &lt;/h1&gt;&#10;              &lt;div&gt;&#10;                  Visit &lt;a href=&quot;https://www.cloudflare.com/5xx-error-landing?utm_source=errorcode_502&amp;utm_campaign=utang-tracker-3.cluster-12.preview.emergentcf.cloud&quot; target=&quot;_blank&quot; rel=&quot;noopener noreferrer&quot;&gt;cloudflare.com&lt;/a&gt; for more information.&#10;              &lt;/div&gt;&#10;              &lt;div class=&quot;mt-3&quot;&gt;2026-08-16 11:14:16 UTC&lt;/div&gt;&#10;          &lt;/header&gt;&#10;          &lt;div class=&quot;my-8 bg-gradient-gray&quot;&gt;&#10;              &lt;div class=&quot;w-240 lg:w-full mx-auto&quot;&gt;&#10;                  &lt;div class=&quot;clearfix md:px-8&quot;&gt;&#10;                      &lt;div id=&quot;cf-browser-status&quot; class=&quot; relative w-1/3 md:w-full py-15 md:p-0 md:py-8 md:text-left md:border-solid md:border-0 md:border-b md:border-gray-400 overflow-hidden float-left md:float-none text-center&quot;&gt;&#10;    &lt;div class=&quot;relative mb-10 md:m-0&quot;&gt;&#10;      &#10;      &lt;span class=&quot;cf-icon-browser block md:hidden h-20 bg-center bg-no-repeat&quot;&gt;&lt;/span&gt;&#10;      &lt;span class=&quot;cf-icon-ok w-12 h-12 absolute left-1/2 md:left-auto md:right-0 md:top-0 -ml-6 -bottom-4&quot;&gt;&lt;/span&gt;&#10;      &#10;    &lt;/div&gt;&#10;    &lt;span class=&quot;md:block w-full truncate&quot;&gt;You&lt;/span&gt;&#10;    &lt;h3 class=&quot;md:inline-block mt-3 md:mt-0 text-2xl text-gray-600 font-light leading-1.3&quot;&gt;&#10;    &#10;      Browser&#10;    &#10;    &lt;/h3&gt;&#10;    &#10;    &lt;span class=&quot;leading-1.3 text-2xl text-green-success&quot;&gt;Working&lt;/span&gt;&#10;    &#10;  &lt;/div&gt;&#10;                      &lt;div id=&quot;cf-cloudflare-status&quot; class=&quot; relative w-1/3 md:w-full py-15 md:p-0 md:py-8 md:text-left md:border-solid md:border-0 md:border-b md:border-gray-400 overflow-hidden float-left md:float-none text-center&quot;&gt;&#10;    &lt;div class=&quot;relative mb-10 md:m-0&quot;&gt;&#10;      &lt;a href=&quot;https://www.cloudflare.com/5xx-error-landing?utm_source=errorcode_502&amp;#38;utm_campaign=utang-tracker-3.cluster-12.preview.emergentcf.cloud&quot; target=&quot;_blank&quot; rel=&quot;noopener noreferrer&quot;&gt;&#10;      &lt;span class=&quot;cf-icon-cloud block md:hidden h-20 bg-center bg-no-repeat&quot;&gt;&lt;/span&gt;&#10;      &lt;span class=&quot;cf-icon-ok w-12 h-12 absolute left-1/2 md:left-auto md:right-0 md:top-0 -ml-6 -bottom-4&quot;&gt;&lt;/span&gt;&#10;      &lt;/a&gt;&#10;    &lt;/div&gt;&#10;    &lt;span class=&quot;md:block w-full truncate&quot;&gt;Chicago&lt;/span&gt;&#10;    &lt;h3 class=&quot;md:inline-block mt-3 md:mt-0 text-2xl text-gray-600 font-light leading-1.3&quot;&gt;&#10;    &lt;a href=&quot;https://www.cloudflare.com/5xx-error-landing?utm_source=errorcode_502&amp;utm_campaign=utang-tracker-3.cluster-12.preview.emergentcf.cloud&quot; target=&quot;_blank&quot; rel=&quot;noopener noreferrer&quot;&gt;&#10;      Cloudflare&#10;    &lt;/a&gt;&#10;    &lt;/h3&gt;&#10;    &#10;    &lt;span class=&quot;leading-1.3 text-2xl text-green-success&quot;&gt;Working&lt;/span&gt;&#10;    &#10;  &lt;/div&gt;&#10;                      &lt;div id=&quot;cf-host-status&quot; class=&quot;cf-error-source relative w-1/3 md:w-full py-15 md:p-0 md:py-8 md:text-left md:border-solid md:border-0 md:border-b md:border-gray-400 overflow-hidden float-left md:float-none text-center&quot;&gt;&#10;    &lt;div class=&quot;relative mb-10 md:m-0&quot;&gt;&#10;      &#10;      &lt;span class=&quot;cf-icon-server block md:hidden h-20 bg-center bg-no-repeat&quot;&gt;&lt;/span&gt;&#10;      &lt;span class=&quot;cf-icon-error w-12 h-12 absolute left-1/2 md:left-auto md:right-0 md:top-0 -ml-6 -bottom-4&quot;&gt;&lt;/span&gt;&#10;      &#10;    &lt;/div&gt;&#10;    &lt;span class=&quot;md:block w-full truncate&quot;&gt;utang-tracker-3.cluster-12.preview.emergentcf.cloud&lt;/span&gt;&#10;    &lt;h3 class=&quot;md:inline-block mt-3 md:mt-0 text-2xl text-gray-600 font-light leading-1.3&quot;&gt;&#10;    &#10;      Host&#10;    &#10;    &lt;/h3&gt;&#10;    &#10;    &lt;span class=&quot;leading-1.3 text-2xl text-red-error&quot;&gt;Error&lt;/span&gt;&#10;    &#10;  &lt;/div&gt;&#10;                  &lt;/div&gt;&#10;              &lt;/div&gt;&#10;          &lt;/div&gt;&#10;  &#10;          &lt;div class=&quot;w-240 lg:w-full mx-auto mb-8 lg:px-8&quot;&gt;&#10;              &lt;div class=&quot;clearfix&quot;&gt;&#10;                  &lt;div class=&quot;w-1/2 md:w-full float-left pr-6 md:pb-10 md:pr-0 leading-relaxed&quot;&gt;&#10;                      &lt;h2 class=&quot;text-3xl font-normal leading-1.3 mb-4&quot;&gt;What happened?&lt;/h2&gt;&#10;                      &lt;p&gt;The web server reported a bad gateway error.&lt;/p&gt;&#10;                  &lt;/div&gt;&#10;                  &lt;div class=&quot;w-1/2 md:w-full float-left leading-relaxed&quot;&gt;&#10;                      &lt;h2 class=&quot;text-3xl font-normal leading-1.3 mb-4&quot;&gt;What can I do?&lt;/h2&gt;&#10;                      &lt;p class=&quot;mb-6&quot;&gt;Please try again in a few minutes.&lt;/p&gt;&#10;                  &lt;/div&gt;&#10;              &lt;/div&gt;&#10;          &lt;/div&gt;&#10;  &#10;          &lt;div class=&quot;cf-error-footer cf-wrapper w-240 lg:w-full py-10 sm:py-4 sm:px-8 mx-auto text-center sm:text-left border-solid border-0 border-t border-gray-300&quot;&gt;&#10;      &lt;p class=&quot;text-13&quot;&gt;&#10;        &lt;span class=&quot;cf-footer-item sm:block sm:mb-1&quot;&gt;Cloudflare Ray ID: &lt;strong class=&quot;font-semibold&quot;&gt;a2c003b7290aeb09&lt;/strong&gt;&lt;/span&gt;&#10;        &lt;span class=&quot;cf-footer-separator sm:hidden&quot;&gt;&amp;bull;&lt;/span&gt;&#10;        &lt;span id=&quot;cf-footer-item-ip&quot; class=&quot;cf-footer-item hidden sm:block sm:mb-1&quot;&gt;&#10;          Your IP:&#10;          &lt;button type=&quot;button&quot; id=&quot;cf-footer-ip-reveal&quot; class=&quot;cf-footer-ip-reveal-btn&quot;&gt;Click to reveal&lt;/button&gt;&#10;          &lt;span class=&quot;hidden&quot; id=&quot;cf-footer-ip&quot;&gt;35.184.53.215&lt;/span&gt;&#10;          &lt;span class=&quot;cf-footer-separator sm:hidden&quot;&gt;&amp;bull;&lt;/span&gt;&#10;        &lt;/span&gt;&#10;        &lt;span class=&quot;cf-footer-item sm:block sm:mb-1&quot;&gt;&lt;span&gt;Performance &amp;amp; security by&lt;/span&gt; &lt;a rel=&quot;noopener noreferrer&quot; href=&quot;https://www.cloudflare.com/5xx-error-landing?utm_source=errorcode_502&amp;#38;utm_campaign=utang-tracker-3.cluster-12.preview.emergentcf.cloud&quot; id=&quot;brand_link&quot; target=&quot;_blank&quot;&gt;Cloudflare&lt;/a&gt;&lt;/span&gt;&#10;        &#10;      &lt;/p&gt;&#10;      &lt;script&gt;(function(){function d(){var b=a.getElementById(&quot;cf-footer-item-ip&quot;),c=a.getElementById(&quot;cf-footer-ip-reveal&quot;);b&amp;&amp;&quot;classList&quot;in b&amp;&amp;(b.classList.remove(&quot;hidden&quot;),c.addEventListener(&quot;click&quot;,function(){c.classList.add(&quot;hidden&quot;);a.getElementById(&quot;cf-footer-ip&quot;).classList.remove(&quot;hidden&quot;)}))}var a=document;document.addEventListener&amp;&amp;a.addEventListener(&quot;DOMContentLoaded&quot;,d)})();&lt;/script&gt;&#10;    &lt;/div&gt;&lt;!-- /.error-footer --&gt;&#10;  &#10;      &lt;/div&gt;&#10;  &lt;/div&gt;&#10;  &lt;script&gt;(function(){function c(){var b=a.contentDocument||(a.contentWindow&amp;&amp;a.contentWindow.document);if(b){var d=b.createElement('script');d.innerHTML=&quot;window.__CF$cv$params={r:'a2c003b71a67eb09',t:'MTc4Njg3ODg1Ng=='};var a=document.createElement('script');a.src='/cdn-cgi/challenge-platform/scripts/jsd/main.js';document.getElementsByTagName('head')[0].appendChild(a);&quot;;b.getElementsByTagName('head')[0].appendChild(d)}}if(document.body){var a=document.createElement('iframe');a.height=1;a.width=1;a.style.position='absolute';a.style.top=0;a.style.left=0;a.style.border='none';a.style.visibility='hidden';document.body.appendChild(a);if('loading'!==document.readyState)c();else if(window.addEventListener)document.addEventListener('DOMContentLoaded',c);else{var e=document.onreadystatechange||function(){};document.onreadystatechange=function(b){e(b);'loading'!==document.readyState&amp;&amp;(document.onreadystatechange=e,c())}}}})();&lt;/script&gt;&lt;/body&gt;&#10;  &lt;/html&gt;&#10;assert 502 in (401, 403)&#10; +  where 502 = &lt;Response [502]&gt;.status_code">E   AssertionError: &lt;!DOCTYPE html&gt;
      &lt;!--[if lt IE 7]&gt; &lt;html class="no-js ie6 oldie" lang="en-US"&gt; &lt;![endif]--&gt;
      &lt;!--[if IE 7]&gt;    &lt;html class="no-js ie7 oldie" lang="en-US"&gt; &lt;![endif]--&gt;
      &lt;!--[if IE 8]&gt;    &lt;html class="no-js ie8 oldie" lang="en-US"&gt; &lt;![endif]--&gt;
      &lt;!--[if gt IE 8]&gt;&lt;!--&gt; &lt;html class="no-js" lang="en-US"&gt; &lt;!--&lt;![endif]--&gt;
      &lt;head&gt;
      
      &lt;title&gt;preview.emergentagent.com | 502: Bad gateway&lt;/title&gt;
      &lt;meta charset="UTF-8" /&gt;
      &lt;meta http-equiv="Content-Type" content="text/html; charset=UTF-8" /&gt;
      &lt;meta http-equiv="X-UA-Compatible" content="IE=Edge" /&gt;
      &lt;meta name="robots" content="noindex, nofollow" /&gt;
      &lt;meta name="viewport" content="width=device-width,initial-scale=1" /&gt;
      &lt;link rel="stylesheet" id="cf_styles-css" href="/cdn-cgi/styles/main.css" /&gt;
      &lt;/head&gt;
      &lt;body&gt;
      &lt;div id="cf-wrapper"&gt;
          &lt;div id="cf-error-details" class="p-0"&gt;
              &lt;header class="mx-auto pt-10 lg:pt-6 lg:px-8 w-240 lg:w-full mb-8"&gt;
                  &lt;h1 class="inline-block sm:block sm:mb-2 font-light text-60 lg:text-4xl text-black-dark leading-tight mr-2"&gt;
                      &lt;span class="inline-block"&gt;Bad gateway&lt;/span&gt;
                      &lt;span class="code-label"&gt;Error code 502&lt;/span&gt;
                  &lt;/h1&gt;
                  &lt;div&gt;
                      Visit &lt;a href="https://www.cloudflare.com/5xx-error-landing?utm_source=errorcode_502&amp;utm_campaign=utang-tracker-3.cluster-12.preview.emergentcf.cloud" target="_blank" rel="noopener noreferrer"&gt;cloudflare.com&lt;/a&gt; for more information.
                  &lt;/div&gt;
                  &lt;div class="mt-3"&gt;2026-08-16 11:14:16 UTC&lt;/div&gt;
              &lt;/header&gt;
              &lt;div class="my-8 bg-gradient-gray"&gt;
                  &lt;div class="w-240 lg:w-full mx-auto"&gt;
                      &lt;div class="clearfix md:px-8"&gt;
                          &lt;div id="cf-browser-status" class=" relative w-1/3 md:w-full py-15 md:p-0 md:py-8 md:text-left md:border-solid md:border-0 md:border-b md:border-gray-400 overflow-hidden float-left md:float-none text-center"&gt;
        &lt;div class="relative mb-10 md:m-0"&gt;
          
          &lt;span class="cf-icon-browser block md:hidden h-20 bg-center bg-no-repeat"&gt;&lt;/span&gt;
          &lt;span class="cf-icon-ok w-12 h-12 absolute left-1/2 md:left-auto md:right-0 md:top-0 -ml-6 -bottom-4"&gt;&lt;/span&gt;
          
        &lt;/div&gt;
        &lt;span class="md:block w-full truncate"&gt;You&lt;/span&gt;
        &lt;h3 class="md:inline-block mt-3 md:mt-0 text-2xl text-gray-600 font-light leading-1.3"&gt;
        
          Browser
        
        &lt;/h3&gt;
        
        &lt;span class="leading-1.3 text-2xl text-green-success"&gt;Working&lt;/span&gt;
        
      &lt;/div&gt;
                          &lt;div id="cf-cloudflare-status" class=" relative w-1/3 md:w-full py-15 md:p-0 md:py-8 md:text-left md:border-solid md:border-0 md:border-b md:border-gray-400 overflow-hidden float-left md:float-none text-center"&gt;
        &lt;div class="relative mb-10 md:m-0"&gt;
          &lt;a href="https://www.cloudflare.com/5xx-error-landing?utm_source=errorcode_502&amp;#38;utm_campaign=utang-tracker-3.cluster-12.preview.emergentcf.cloud" target="_blank" rel="noopener noreferrer"&gt;
          &lt;span class="cf-icon-cloud block md:hidden h-20 bg-center bg-no-repeat"&gt;&lt;/span&gt;
          &lt;span class="cf-icon-ok w-12 h-12 absolute left-1/2 md:left-auto md:right-0 md:top-0 -ml-6 -bottom-4"&gt;&lt;/span&gt;
          &lt;/a&gt;
        &lt;/div&gt;
        &lt;span class="md:block w-full truncate"&gt;Chicago&lt;/span&gt;
        &lt;h3 class="md:inline-block mt-3 md:mt-0 text-2xl text-gray-600 font-light leading-1.3"&gt;
        &lt;a href="https://www.cloudflare.com/5xx-error-landing?utm_source=errorcode_502&amp;utm_campaign=utang-tracker-3.cluster-12.preview.emergentcf.cloud" target="_blank" rel="noopener noreferrer"&gt;
          Cloudflare
        &lt;/a&gt;
        &lt;/h3&gt;
        
        &lt;span class="leading-1.3 text-2xl text-green-success"&gt;Working&lt;/span&gt;
        
      &lt;/div&gt;
                          &lt;div id="cf-host-status" class="cf-error-source relative w-1/3 md:w-full py-15 md:p-0 md:py-8 md:text-left md:border-solid md:border-0 md:border-b md:border-gray-400 overflow-hidden float-left md:float-none text-center"&gt;
        &lt;div class="relative mb-10 md:m-0"&gt;
          
          &lt;span class="cf-icon-server block md:hidden h-20 bg-center bg-no-repeat"&gt;&lt;/span&gt;
          &lt;span class="cf-icon-error w-12 h-12 absolute left-1/2 md:left-auto md:right-0 md:top-0 -ml-6 -bottom-4"&gt;&lt;/span&gt;
          
        &lt;/div&gt;
        &lt;span class="md:block w-full truncate"&gt;utang-tracker-3.cluster-12.preview.emergentcf.cloud&lt;/span&gt;
        &lt;h3 class="md:inline-block mt-3 md:mt-0 text-2xl text-gray-600 font-light leading-1.3"&gt;
        
          Host
        
        &lt;/h3&gt;
        
        &lt;span class="leading-1.3 text-2xl text-red-error"&gt;Error&lt;/span&gt;
        
      &lt;/div&gt;
                      &lt;/div&gt;
                  &lt;/div&gt;
              &lt;/div&gt;
      
              &lt;div class="w-240 lg:w-full mx-auto mb-8 lg:px-8"&gt;
                  &lt;div class="clearfix"&gt;
                      &lt;div class="w-1/2 md:w-full float-left pr-6 md:pb-10 md:pr-0 leading-relaxed"&gt;
                          &lt;h2 class="text-3xl font-normal leading-1.3 mb-4"&gt;What happened?&lt;/h2&gt;
                          &lt;p&gt;The web server reported a bad gateway error.&lt;/p&gt;
                      &lt;/div&gt;
                      &lt;div class="w-1/2 md:w-full float-left leading-relaxed"&gt;
                          &lt;h2 class="text-3xl font-normal leading-1.3 mb-4"&gt;What can I do?&lt;/h2&gt;
                          &lt;p class="mb-6"&gt;Please try again in a few minutes.&lt;/p&gt;
                      &lt;/div&gt;
                  &lt;/div&gt;
              &lt;/div&gt;
      
              &lt;div class="cf-error-footer cf-wrapper w-240 lg:w-full py-10 sm:py-4 sm:px-8 mx-auto text-center sm:text-left border-solid border-0 border-t border-gray-300"&gt;
          &lt;p class="text-13"&gt;
            &lt;span class="cf-footer-item sm:block sm:mb-1"&gt;Cloudflare Ray ID: &lt;strong class="font-semibold"&gt;a2c003b7290aeb09&lt;/strong&gt;&lt;/span&gt;
            &lt;span class="cf-footer-separator sm:hidden"&gt;&amp;bull;&lt;/span&gt;
            &lt;span id="cf-footer-item-ip" class="cf-footer-item hidden sm:block sm:mb-1"&gt;
              Your IP:
              &lt;button type="button" id="cf-footer-ip-reveal" class="cf-footer-ip-reveal-btn"&gt;Click to reveal&lt;/button&gt;
              &lt;span class="hidden" id="cf-footer-ip"&gt;35.184.53.215&lt;/span&gt;
              &lt;span class="cf-footer-separator sm:hidden"&gt;&amp;bull;&lt;/span&gt;
            &lt;/span&gt;
[...]
      &lt;/html&gt;
    assert 502 == 200
     +  where 502 = &lt;Response [502]&gt;.status_code</failure></testcase><testcase classname="tests.test_pinjamku_flow.TestRegistration" name="test_borrower_login_before_verify" time="0.000"><failure message="KeyError: 'borrower'">E   KeyError: 'borrower'</failure></testcase><testcase classname="tests.test_pinjamku_flow.TestRegistration" name="test_unverified_cannot_apply_loan" time="0.000"><failure message="KeyError: 'borrower'">E   KeyError: 'borrower'</failure></testcase><testcase classname="tests.test_pinjamku_flow.TestRegistration" name="test_duplicate_nik_rejected" time="0.000"><failure message="KeyError: 'borrower'">E   KeyError: 'borrower'</failure></testcase><testcase classname="tests.test_pinjamku_flow.TestRegistration" name="test_duplicate_email_rejected" time="0.000"><failure message="KeyError: 'borrower'">E   KeyError: 'borrower'</failure></testcase><testcase classname="tests.test_pinjamku_flow.TestRegistration" name="test_duplicate_phone_rejected" time="0.000"><failure message="KeyError: 'borrower'">E   KeyError: 'borrower'</failure></testcase><testcase classname="tests.test_iter2_features.TestPhoneNormalization" name="test_super_login_08_format" time="0.173"><failure message="AssertionError: login 081200000001 -&gt; 401 {&quot;detail&quot;:&quot;Nomor HP atau password salah. Sisa 3 percobaan sebelum akun terkunci 15 menit.&quot;}&#10;assert 401 == 200&#10; +  where 401 = &lt;Response [401]&gt;.status_code">E   AssertionError: login 081200000001 -&gt; 401 {"detail":"Nomor HP atau password salah. Sisa 3 percobaan sebelum akun terkunci 15 menit."}
    assert 401 == 200
     +  where 401 = &lt;Response [401]&gt;.status_code</failure></testcase><testcase classname="tests.test_iter2_features.TestPhoneNormalization" name="test_super_login_62_format" time="0.101"><failure message="AssertionError: login 6281200000001 -&gt; 401 {&quot;detail&quot;:&quot;Nomor HP atau password salah. Sisa 4 percobaan sebelum akun terkunci 15 menit.&quot;}&#10;assert 401 == 200&#10; +  where 401 = &lt;Response [401]&gt;.status_code">E   AssertionError: login 6281200000001 -&gt; 401 {"detail":"Nomor HP atau password salah. Sisa 4 percobaan sebelum akun terkunci 15 menit."}
    assert 401 == 200
     +  where 401 = &lt;Response [401]&gt;.status_code</failure></testcase><testcase classname="tests.test_iter2_features.TestPhoneNormalization" name="test_super_login_plus62_format" time="0.098"><failure message="AssertionError: login +6281200000001 -&gt; 401 {&quot;detail&quot;:&quot;Nomor HP atau password salah. Sisa 2 percobaan sebelum akun terkunci 15 menit.&quot;}&#10;assert 401 == 200&#10; +  where 401 = &lt;Response [401]&gt;.status_code">E   AssertionError: login +6281200000001 -&gt; 401 {"detail":"Nomor HP atau password salah. Sisa 2 percobaan sebelum akun terkunci 15 menit."}
    assert 401 == 200
     +  where 401 = &lt;Response [401]&gt;.status_code</failure></testcase><testcase classname="tests.test_iter2_features.TestPhoneNormalization" name="test_super_login_0062_format" time="0.097"><failure message="AssertionError: login 00628 1200000001 -&gt; 401 {&quot;detail&quot;:&quot;Nomor HP atau password salah. Sisa 1 percobaan sebelum akun terkunci 15 menit.&quot;}&#10;assert 401 == 200&#10; +  where 401 = &lt;Response [401]&gt;.status_code">E   AssertionError: login 00628 1200000001 -&gt; 401 {"detail":"Nomor HP atau password salah. Sisa 1 percobaan sebelum akun terkunci 15 menit."}
    assert 401 == 200
     +  where 401 = &lt;Response [401]&gt;.status_code</failure></testcase><testcase classname="tests.test_iter2_features.TestPhoneNormalization" name="test_register_dup_phone_via_diff_format" time="0.109"><error message="failed on setup with &quot;AssertionError: login 081200000001 -&gt; 401 {&quot;detail&quot;:&quot;Nomor HP atau password salah.&quot;}&#10;assert 401 == 200&#10; +  where 401 = &lt;Response [401]&gt;.status_code&quot;">E   AssertionError: login 081200000001 -&gt; 401 {"detail":"Nomor HP atau password salah."}
    assert 401 == 200
     +  where 401 = &lt;Response [401]&gt;.status_code</error></testcase><testcase classname="tests.test_iter2_features.TestPhoneNormalization" name="test_create_lender_with_62_format_stored_as_08" time="0.000"><error message="failed on setup with &quot;AssertionError: login 081200000001 -&gt; 401 {&quot;detail&quot;:&quot;Nomor HP atau password salah.&quot;}&#10;assert 401 == 200&#10; +  where 401 = &lt;Response [401]&gt;.status_code&quot;">E   AssertionError: login 081200000001 -&gt; 401 {"detail":"Nomor HP atau password salah."}
    assert 401 == 200
     +  where 401 = &lt;Response [401]&gt;.status_code</error></testcase><testcase classname="tests.test_pinjamku_flow.TestPayment" name="test_borrower_short_payment_rejected" time="0.000"><failure message="KeyError: 'borrower'">E   KeyError: 'borrower'</failure></testcase><testcase classname="tests.test_pinjamku_flow.TestPayment" name="test_borrower_full_payment" time="0.000"><failure message="KeyError: 'borrower'">E   KeyError: 'borrower'</failure></testcase><testcase classname="tests.test_pinjamku_flow.TestPayment" name="test_admin_cannot_verify_payment" time="0.000"><failure message="KeyError: 'admin'">E   KeyError: 'admin'</failure></testcase><testcase classname="tests.test_pinjamku_flow.TestPayment" name="test_lenderB_cannot_verify" time="0.001"><failure message="KeyError: 'lenderB'">E   KeyError: 'lenderB'</failure></testcase><testcase classname="tests.test_pinjamku_flow.TestPayment" name="test_lenderA_verify" time="0.000"><failure message="KeyError: 'lenderA'">E   KeyError: 'lenderA'</failure></testcase><testcase classname="tests.test_iter2_features.TestObjectStorage" name="test_files_have_pinjamku_prefix" time="0.005" /><testcase classname="tests.test_iter2_features.TestObjectStorage" name="test_file_requires_auth" time="0.100" /><testcase classname="tests.test_iter2_features.TestObjectStorage" name="test_file_forbidden_for_unrelated_borrower" time="0.107"><error message="failed on setup with &quot;AssertionError: login 081200000001 -&gt; 401 {&quot;detail&quot;:&quot;Nomor HP atau password salah. Sisa 3 percobaan sebelum akun terkunci 15 menit.&quot;}&#10;assert 401 == 200&#10; +  where 401 = &lt;Response [401]&gt;.status_code&quot;">E   AssertionError: login 081200000001 -&gt; 401 {"detail":"Nomor HP atau password salah. Sisa 3 percobaan sebelum akun terkunci 15 menit."}
    assert 401 == 200
     +  where 401 = &lt;Response [401]&gt;.status_code</error></testcase><testcase classname="tests.test_iter2_features.TestObjectStorage" name="test_file_ok_for_superadmin" time="0.000"><error message="failed on setup with &quot;AssertionError: login 081200000001 -&gt; 401 {&quot;detail&quot;:&quot;Nomor HP atau password salah. Sisa 3 percobaan sebelum akun terkunci 15 menit.&quot;}&#10;assert 401 == 200&#10; +  where 401 = &lt;Response [401]&gt;.status_code&quot;">E   AssertionError: login 081200000001 -&gt; 401 {"detail":"Nomor HP atau password salah. Sisa 3 percobaan sebelum akun terkunci 15 menit."}
    assert 401 == 200
     +  where 401 = &lt;Response [401]&gt;.status_code</error></testcase><testcase classname="tests.test_iter2_features.TestObjectStorage" name="test_upload_rejects_bad_mime" time="0.001"><error message="failed on setup with &quot;AssertionError: login 081200000001 -&gt; 401 {&quot;detail&quot;:&quot;Nomor HP atau password salah. Sisa 3 percobaan sebelum akun terkunci 15 menit.&quot;}&#10;assert 401 == 200&#10; +  where 401 = &lt;Response [401]&gt;.status_code&quot;">E   AssertionError: login 081200000001 -&gt; 401 {"detail":"Nomor HP atau password salah. Sisa 3 percobaan sebelum akun terkunci 15 menit."}
    assert 401 == 200
     +  where 401 = &lt;Response [401]&gt;.status_code</error></testcase><testcase classname="tests.test_pinjamku_flow.TestSuperadmin" name="test_login" time="0.114"><error message="failed on setup with &quot;AssertionError: login 081200000001: 401 {&quot;detail&quot;:&quot;Nomor HP atau password salah. Sisa 2 percobaan sebelum akun terkunci 15 menit.&quot;}&#10;assert 401 == 200&#10; +  where 401 = &lt;Response [401]&gt;.status_code&quot;">E   AssertionError: login 081200000001: 401 {"detail":"Nomor HP atau password salah. Sisa 2 percobaan sebelum akun terkunci 15 menit."}
    assert 401 == 200
     +  where 401 = &lt;Response [401]&gt;.status_code</error></testcase><testcase classname="tests.test_pinjamku_flow.TestSuperadmin" name="test_dashboard" time="0.000"><error message="failed on setup with &quot;AssertionError: login 081200000001: 401 {&quot;detail&quot;:&quot;Nomor HP atau password salah. Sisa 2 percobaan sebelum akun terkunci 15 menit.&quot;}&#10;assert 401 == 200&#10; +  where 401 = &lt;Response [401]&gt;.status_code&quot;">E   AssertionError: login 081200000001: 401 {"detail":"Nomor HP atau password salah. Sisa 2 percobaan sebelum akun terkunci 15 menit."}
    assert 401 == 200
     +  where 401 = &lt;Response [401]&gt;.status_code</error></testcase><testcase classname="tests.test_pinjamku_flow.TestSuperadmin" name="test_public_settings" time="0.099" /><testcase classname="tests.test_pinjamku_flow.TestUserManagement" name="test_create_admin_and_lenders" time="0.000"><error message="failed on setup with &quot;AssertionError: login 081200000001: 401 {&quot;detail&quot;:&quot;Nomor HP atau password salah. Sisa 2 percobaan sebelum akun terkunci 15 menit.&quot;}&#10;assert 401 == 200&#10; +  where 401 = &lt;Response [401]&gt;.status_code&quot;">E   AssertionError: login 081200000001: 401 {"detail":"Nomor HP atau password salah. Sisa 2 percobaan sebelum akun terkunci 15 menit."}
    assert 401 == 200
     +  where 401 = &lt;Response [401]&gt;.status_code</error></testcase><testcase classname="tests.test_pinjamku_flow.TestUserManagement" name="test_lender_without_bank_rejected" time="0.000"><error message="failed on setup with &quot;AssertionError: login 081200000001: 401 {&quot;detail&quot;:&quot;Nomor HP atau password salah. Sisa 2 percobaan sebelum akun terkunci 15 menit.&quot;}&#10;assert 401 == 200&#10; +  where 401 = &lt;Response [401]&gt;.status_code&quot;">E   AssertionError: login 081200000001: 401 {"detail":"Nomor HP atau password salah. Sisa 2 percobaan sebelum akun terkunci 15 menit."}
    assert 401 == 200
     +  where 401 = &lt;Response [401]&gt;.status_code</error></testcase><testcase classname="tests.test_pinjamku_flow.TestUserManagement" name="test_new_users_can_login" time="0.000"><failure message="KeyError: 'admin'">E   KeyError: 'admin'</failure></testcase><testcase classname="tests.test_pinjamku_flow.TestSettings" name="test_update_loan_settings" time="0.000"><error message="failed on setup with &quot;AssertionError: login 081200000001: 401 {&quot;detail&quot;:&quot;Nomor HP atau password salah. Sisa 2 percobaan sebelum akun terkunci 15 menit.&quot;}&#10;assert 401 == 200&#10; +  where 401 = &lt;Response [401]&gt;.status_code&quot;">E   AssertionError: login 081200000001: 401 {"detail":"Nomor HP atau password salah. Sisa 2 percobaan sebelum akun terkunci 15 menit."}
    assert 401 == 200
     +  where 401 = &lt;Response [401]&gt;.status_code</error></testcase><testcase classname="tests.test_pinjamku_flow.TestSettings" name="test_update_general" time="0.000"><error message="failed on setup with &quot;AssertionError: login 081200000001: 401 {&quot;detail&quot;:&quot;Nomor HP atau password salah. Sisa 2 percobaan sebelum akun terkunci 15 menit.&quot;}&#10;assert 401 == 200&#10; +  where 401 = &lt;Response [401]&gt;.status_code&quot;">E   AssertionError: login 081200000001: 401 {"detail":"Nomor HP atau password salah. Sisa 2 percobaan sebelum akun terkunci 15 menit."}
    assert 401 == 200
     +  where 401 = &lt;Response [401]&gt;.status_code</error></testcase><testcase classname="tests.test_pinjamku_flow.TestSettings" name="test_admin_cannot_get_settings" time="0.000"><failure message="KeyError: 'admin'">E   KeyError: 'admin'</failure></testcase><testcase classname="tests.test_pinjamku_flow.TestLoanApply" name="test_apply_loan_1" time="0.000"><failure message="KeyError: 'borrower'">E   KeyError: 'borrower'</failure></testcase><testcase classname="tests.test_pinjamku_flow.TestLoanApply" name="test_apply_over_limit_rejected" time="0.000"><failure message="KeyError: 'borrower'">E   KeyError: 'borrower'</failure></testcase><testcase classname="tests.test_pinjamku_flow.TestLoanApply" name="test_apply_over_duration_rejected" time="0.000"><failure message="KeyError: 'borrower'">E   KeyError: 'borrower'</failure></testcase><testcase classname="tests.test_pinjamku_flow.TestFunding" name="test_lenderA_claim" time="0.000"><failure message="KeyError: 'lenderA'">E   KeyError: 'lenderA'</failure></testcase><testcase classname="tests.test_pinjamku_flow.TestFunding" name="test_lenderB_claim_fails" time="0.000"><failure message="KeyError: 'lenderB'">E   KeyError: 'lenderB'</failure></testcase><testcase classname="tests.test_pinjamku_flow.TestFunding" name="test_lenderB_available_excludes_claimed" time="0.000"><failure message="KeyError: 'lenderB'">E   KeyError: 'lenderB'</failure></testcase><testcase classname="tests.test_pinjamku_flow.TestDisbursement" name="test_disburse_wrong_amount_rejected" time="0.000"><failure message="KeyError: 'lenderA'">E   KeyError: 'lenderA'</failure></testcase><testcase classname="tests.test_pinjamku_flow.TestDisbursement" name="test_disburse_correct" time="0.000"><failure message="KeyError: 'lenderA'">E   KeyError: 'lenderA'</failure></testcase><testcase classname="tests.test_pinjamku_flow.TestDisbursement" name="test_admin_confirm_disbursement" time="0.000"><failure message="KeyError: 'admin'">E   KeyError: 'admin'</failure></testcase><testcase classname="tests.test_pinjamku_flow.TestFreeze" name="test_report_freeze" time="0.002"><failure message="KeyError: 'loan2'">E   KeyError: 'loan2'</failure></testcase><testcase classname="tests.test_pinjamku_flow.TestFreeze" name="test_lender_reject_payment" time="0.000"><failure message="KeyError: 'lenderA'">E   KeyError: 'lenderA'</failure></testcase><testcase classname="tests.test_pinjamku_flow.TestFreeze" name="test_new_payment_after_reject" time="0.000"><failure message="KeyError: 'loan2'">E   KeyError: 'loan2'</failure></testcase><testcase classname="tests.test_pinjamku_flow.TestApproval" name="test_admin_approve_loan1" time="0.000"><failure message="KeyError: 'admin'">E   KeyError: 'admin'</failure></testcase><testcase classname="tests.test_pinjamku_flow.TestApproval" name="test_reject_needs_reason" time="0.000"><failure message="KeyError: 'borrower'">E   KeyError: 'borrower'</failure></testcase><testcase classname="tests.test_pinjamku_flow.TestRBAC" name="test_borrower_cannot_approve" time="0.000"><failure message="KeyError: 'borrower'">E   KeyError: 'borrower'</failure></testcase><testcase classname="tests.test_pinjamku_flow.TestRBAC" name="test_admin_cannot_claim" time="0.000"><failure message="KeyError: 'admin'">E   KeyError: 'admin'</failure></testcase><testcase classname="tests.test_pinjamku_flow.TestAudit" name="test_superadmin_can_see" time="0.000"><error message="failed on setup with &quot;AssertionError: login 081200000001: 401 {&quot;detail&quot;:&quot;Nomor HP atau password salah. Sisa 2 percobaan sebelum akun terkunci 15 menit.&quot;}&#10;assert 401 == 200&#10; +  where 401 = &lt;Response [401]&gt;.status_code&quot;">E   AssertionError: login 081200000001: 401 {"detail":"Nomor HP atau password salah. Sisa 2 percobaan sebelum akun terkunci 15 menit."}
    assert 401 == 200
     +  where 401 = &lt;Response [401]&gt;.status_code</error></testcase><testcase classname="tests.test_pinjamku_flow.TestAudit" name="test_admin_forbidden" time="0.000"><failure message="KeyError: 'admin'">E   KeyError: 'admin'</failure></testcase><testcase classname="tests.test_pinjamku_flow.TestExport" name="test_export_loans_csv" time="0.000"><failure message="KeyError: 'admin'">E   KeyError: 'admin'</failure></testcase><testcase classname="tests.test_pinjamku_flow.TestExport" name="test_search_loans" time="0.000"><failure message="KeyError: 'admin'">E   KeyError: 'admin'</failure></testcase><testcase classname="tests.test_pinjamku_flow.TestUpload" name="test_exe_rejected" time="0.000"><failure message="KeyError: 'admin'">E   KeyError: 'admin'</failure></testcase><testcase classname="tests.test_pinjamku_flow.TestUpload" name="test_files_forbidden_for_other_borrower" time="0.000"><failure message="KeyError: 'loan1'">E   KeyError: 'loan1'</failure></testcase><testcase classname="tests.test_pinjamku_flow.TestPWA" name="test_manifest" time="0.123" /><testcase classname="tests.test_pinjamku_flow.TestPWA" name="test_sw" time="0.100" /><testcase classname="tests.test_iter2_features.TestEmergencyOverride" name="test_override_verify_flow" time="0.099"><error message="failed on setup with &quot;AssertionError: login 081200000001 -&gt; 401 {&quot;detail&quot;:&quot;Nomor HP atau password salah. Sisa 1 percobaan sebelum akun terkunci 15 menit.&quot;}&#10;assert 401 == 200&#10; +  where 401 = &lt;Response [401]&gt;.status_code&quot;">E   AssertionError: login 081200000001 -&gt; 401 {"detail":"Nomor HP atau password salah. Sisa 1 percobaan sebelum akun terkunci 15 menit."}
    assert 401 == 200
     +  where 401 = &lt;Response [401]&gt;.status_code</error></testcase><testcase classname="tests.test_iter2_features.TestEmergencyOverride" name="test_override_reject_flow" time="0.000"><error message="failed on setup with &quot;AssertionError: login 081200000001 -&gt; 401 {&quot;detail&quot;:&quot;Nomor HP atau password salah. Sisa 1 percobaan sebelum akun terkunci 15 menit.&quot;}&#10;assert 401 == 200&#10; +  where 401 = &lt;Response [401]&gt;.status_code&quot;">E   AssertionError: login 081200000001 -&gt; 401 {"detail":"Nomor HP atau password salah. Sisa 1 percobaan sebelum akun terkunci 15 menit."}
    assert 401 == 200
     +  where 401 = &lt;Response [401]&gt;.status_code</error></testcase><testcase classname="tests.test_pinjamku_flow.TestVerify" name="test_admin_verify_borrower" time="0.001"><failure message="KeyError: 'admin'">E   KeyError: 'admin'</failure></testcase><testcase classname="tests.test_pinjamku_flow.TestSnapshot" name="test_change_settings_new_loan_uses_new" time="0.108"><error message="failed on setup with &quot;AssertionError: login 081200000001: 401 {&quot;detail&quot;:&quot;Nomor HP atau password salah.&quot;}&#10;assert 401 == 200&#10; +  where 401 = &lt;Response [401]&gt;.status_code&quot;">E   AssertionError: login 081200000001: 401 {"detail":"Nomor HP atau password salah."}
    assert 401 == 200
     +  where 401 = &lt;Response [401]&gt;.status_code</error></testcase><testcase classname="tests.test_pinjamku_flow.TestLimitRestored" name="test_available_limit_back" time="0.000"><failure message="KeyError: 'borrower'">E   KeyError: 'borrower'</failure></testcase><testcase classname="tests.test_pinjamku_flow.TestOverdue" name="test_overdue_late_fee" time="0.002"><failure message="KeyError: 'admin'">E   KeyError: 'admin'</failure></testcase><testcase classname="tests.test_iter6_phone_change" name="test_admin_cannot_change_phone" time="0.682" /><testcase classname="tests.test_iter6_phone_change" name="test_lender_cannot_change_phone" time="0.874" /><testcase classname="tests.test_iter6_phone_change" name="test_zz_restore_super_phone" time="0.969"><failure message="AssertionError: assert 429 == 200&#10; +  where 429 = &lt;Response [429]&gt;.status_code&#10; +    where &lt;Response [429]&gt; = _login('081200000001', 'Sup3rAdmin!2026')">E   AssertionError: assert 429 == 200
     +  where 429 = &lt;Response [429]&gt;.status_code
     +    where &lt;Response [429]&gt; = _login('081200000001', 'Sup3rAdmin!2026')</failure></testcase></testsuite></testsuites>